[2016-09-07][18:32:26] [Info] [@ modulemgr.go.66] module [     taskexample] registe;interval=1s,priority=0
[2016-09-07][18:32:26] [Info] [@ modulemgr.go.66] module [    timerexample] registe;interval=1s,priority=0
[2016-09-07][18:32:26] [Trace] [@ executor.go.37] Executor Start
[2016-09-07][18:32:26] [Trace] [@ executor.go.49] Executor Start [ok]
[2016-09-07][18:32:26] [Info] [@ loader.go.72] package [            task] load success
[2016-09-07][18:32:26] [Trace] [@ timer.go.32] Timer Start
[2016-09-07][18:32:26] [Trace] [@ timer.go.42] Timer Start [ok]
[2016-09-07][18:32:26] [Info] [@ loader.go.72] package [           timer] load success
[2016-09-07][18:32:26] [Info] [@ loader.go.72] package [            core] load success
[2016-09-07][18:32:26] [Info] [@ loader.go.72] package [          module] load success
[2016-09-07][18:32:26] [Info] [@ modulemgr.go.128] Startup PreloadModules
[2016-09-07][18:32:26] [Info] [@ modulemgr.go.134] Startup PreloadModules [ok]
[2016-09-07][18:32:26] [Info] [@ modulemgr.go.156] Start Initialize Modules
[2016-09-07][18:32:26] [Info] [@ modulemgr.go.160] module [     taskexample] init...
[2016-09-07][18:32:26] [Trace] [@ command_task_req.go.30] task[1] dispatch-> worker[worker_7]
[2016-09-07][18:32:26] [Trace] [@ command_task_req.go.33] SendTaskExe success.
[2016-09-07][18:32:26] [Trace] [@ command_task_req.go.30] task[2] dispatch-> worker[worker_2]
[2016-09-07][18:32:26] [Trace] [@ command_task_req.go.33] SendTaskExe success.
[2016-09-07][18:32:26] [Trace] [@ command_task_req.go.30] task[3] dispatch-> worker[worker_7]
[2016-09-07][18:32:26] [Trace] [@ command_task_req.go.33] SendTaskExe success.
[2016-09-07][18:32:26] [Trace] [@ command_task_req.go.30] task[4] dispatch-> worker[worker_2]
[2016-09-07][18:32:26] [Trace] [@ command_task_req.go.33] SendTaskExe success.
[2016-09-07][18:32:26] [Trace] [@ command_task_req.go.30] task[5] dispatch-> worker[worker_7]
[2016-09-07][18:32:26] [Trace] [@ command_task_req.go.33] SendTaskExe success.
[2016-09-07][18:32:26] [Trace] [@ command_task_req.go.30] task[6] dispatch-> worker[worker_2]
[2016-09-07][18:32:26] [Trace] [@ command_task_req.go.33] SendTaskExe success.
[2016-09-07][18:32:26] [Trace] [@ command_task_req.go.30] task[7] dispatch-> worker[worker_7]
[2016-09-07][18:32:26] [Trace] [@ command_task_req.go.33] SendTaskExe success.
[2016-09-07][18:32:26] [Trace] [@ command_task_req.go.30] task[8] dispatch-> worker[worker_2]
[2016-09-07][18:32:26] [Trace] [@ command_task_req.go.33] SendTaskExe success.
[2016-09-07][18:32:26] [Trace] [@ command_task_req.go.30] task[9] dispatch-> worker[worker_7]
[2016-09-07][18:32:26] [Trace] [@ command_task_req.go.33] SendTaskExe success.
[2016-09-07][18:32:26] [Trace] [@ command_task_req.go.30] task[10] dispatch-> worker[worker_7]
[2016-09-07][18:32:26] [Trace] [@ command_task_req.go.33] SendTaskExe success.
[2016-09-07][18:32:26] [Trace] [@ command_task_req.go.30] task[11] dispatch-> worker[worker_3]
[2016-09-07][18:32:26] [Trace] [@ command_task_req.go.33] SendTaskExe success.
[2016-09-07][18:32:26] [Trace] [@ command_task_req.go.30] task[12] dispatch-> worker[worker_7]
[2016-09-07][18:32:26] [Trace] [@ command_task_req.go.33] SendTaskExe success.
[2016-09-07][18:32:26] [Trace] [@ command_task_req.go.30] task[13] dispatch-> worker[worker_6]
[2016-09-07][18:32:26] [Trace] [@ command_task_req.go.33] SendTaskExe success.
[2016-09-07][18:32:26] [Trace] [@ command_task_req.go.30] task[14] dispatch-> worker[worker_7]
[2016-09-07][18:32:26] [Trace] [@ command_task_req.go.33] SendTaskExe success.
[2016-09-07][18:32:26] [Trace] [@ command_task_req.go.30] task[15] dispatch-> worker[worker_3]
[2016-09-07][18:32:26] [Trace] [@ command_task_req.go.33] SendTaskExe success.
[2016-09-07][18:32:26] [Trace] [@ command_task_req.go.30] task[16] dispatch-> worker[worker_7]
[2016-09-07][18:32:26] [Trace] [@ command_task_req.go.33] SendTaskExe success.
[2016-09-07][18:32:26] [Trace] [@ command_task_req.go.30] task[17] dispatch-> worker[worker_6]
[2016-09-07][18:32:26] [Trace] [@ command_task_req.go.33] SendTaskExe success.
[2016-09-07][18:32:26] [Trace] [@ command_task_req.go.30] task[18] dispatch-> worker[worker_3]
[2016-09-07][18:32:26] [Trace] [@ command_task_req.go.33] SendTaskExe success.
[2016-09-07][18:32:26] [Trace] [@ command_task_req.go.30] task[19] dispatch-> worker[worker_6]
[2016-09-07][18:32:26] [Trace] [@ command_task_req.go.33] SendTaskExe success.
[2016-09-07][18:32:26] [Trace] [@ command_task_req.go.30] task[20] dispatch-> worker[worker_7]
[2016-09-07][18:32:26] [Trace] [@ command_task_req.go.33] SendTaskExe success.
[2016-09-07][18:32:26] [Trace] [@ command_task_req.go.30] task[21] dispatch-> worker[worker_2]
[2016-09-07][18:32:26] [Trace] [@ command_task_req.go.33] SendTaskExe success.
[2016-09-07][18:32:26] [Trace] [@ command_task_req.go.30] task[22] dispatch-> worker[worker_7]
[2016-09-07][18:32:26] [Trace] [@ command_task_req.go.33] SendTaskExe success.
[2016-09-07][18:32:26] [Trace] [@ command_task_req.go.30] task[23] dispatch-> worker[worker_2]
[2016-09-07][18:32:26] [Trace] [@ command_task_req.go.33] SendTaskExe success.
[2016-09-07][18:32:26] [Trace] [@ command_task_req.go.30] task[24] dispatch-> worker[worker_7]
[2016-09-07][18:32:26] [Trace] [@ command_task_req.go.33] SendTaskExe success.
[2016-09-07][18:32:26] [Trace] [@ command_task_req.go.30] task[25] dispatch-> worker[worker_2]
[2016-09-07][18:32:26] [Trace] [@ command_task_req.go.33] SendTaskExe success.
[2016-09-07][18:32:26] [Trace] [@ command_task_req.go.30] task[26] dispatch-> worker[worker_7]
[2016-09-07][18:32:26] [Trace] [@ command_task_req.go.33] SendTaskExe success.
[2016-09-07][18:32:26] [Trace] [@ command_task_req.go.30] task[27] dispatch-> worker[worker_2]
[2016-09-07][18:32:26] [Trace] [@ command_task_req.go.33] SendTaskExe success.
[2016-09-07][18:32:26] [Trace] [@ command_task_req.go.30] task[28] dispatch-> worker[worker_7]
[2016-09-07][18:32:26] [Trace] [@ command_task_req.go.33] SendTaskExe success.
[2016-09-07][18:32:26] [Trace] [@ command_task_req.go.30] task[29] dispatch-> worker[worker_2]
[2016-09-07][18:32:26] [Trace] [@ command_task_req.go.33] SendTaskExe success.
[2016-09-07][18:32:26] [Trace] [@ command_task_req.go.30] task[30] dispatch-> worker[worker_7]
[2016-09-07][18:32:26] [Trace] [@ command_task_req.go.33] SendTaskExe success.
[2016-09-07][18:32:26] [Trace] [@ command_task_req.go.30] task[31] dispatch-> worker[worker_2]
[2016-09-07][18:32:26] [Trace] [@ command_task_req.go.33] SendTaskExe success.
[2016-09-07][18:32:26] [Trace] [@ command_task_req.go.30] task[32] dispatch-> worker[worker_7]
[2016-09-07][18:32:26] [Trace] [@ command_task_req.go.33] SendTaskExe success.
[2016-09-07][18:32:26] [Trace] [@ command_task_req.go.30] task[33] dispatch-> worker[worker_2]
[2016-09-07][18:32:26] [Trace] [@ command_task_req.go.33] SendTaskExe success.
[2016-09-07][18:32:26] [Trace] [@ command_task_req.go.30] task[34] dispatch-> worker[worker_7]
[2016-09-07][18:32:26] [Trace] [@ command_task_req.go.33] SendTaskExe success.
[2016-09-07][18:32:26] [Trace] [@ command_task_req.go.30] task[35] dispatch-> worker[worker_2]
[2016-09-07][18:32:26] [Trace] [@ command_task_req.go.33] SendTaskExe success.
[2016-09-07][18:32:26] [Trace] [@ command_task_req.go.30] task[36] dispatch-> worker[worker_7]
[2016-09-07][18:32:26] [Trace] [@ command_task_req.go.33] SendTaskExe success.
[2016-09-07][18:32:26] [Trace] [@ command_task_req.go.30] task[37] dispatch-> worker[worker_2]
[2016-09-07][18:32:26] [Trace] [@ command_task_req.go.33] SendTaskExe success.
[2016-09-07][18:32:26] [Trace] [@ command_task_req.go.30] task[38] dispatch-> worker[worker_7]
[2016-09-07][18:32:26] [Trace] [@ command_task_req.go.33] SendTaskExe success.
[2016-09-07][18:32:26] [Trace] [@ command_task_req.go.30] task[39] dispatch-> worker[worker_2]
[2016-09-07][18:32:26] [Trace] [@ command_task_req.go.33] SendTaskExe success.
[2016-09-07][18:32:26] [Trace] [@ command_task_req.go.30] task[40] dispatch-> worker[worker_5]
[2016-09-07][18:32:26] [Trace] [@ command_task_req.go.33] SendTaskExe success.
[2016-09-07][18:32:26] [Trace] [@ command_task_req.go.30] task[41] dispatch-> worker[worker_5]
[2016-09-07][18:32:26] [Trace] [@ command_task_req.go.33] SendTaskExe success.
[2016-09-07][18:32:26] [Trace] [@ command_task_req.go.30] task[42] dispatch-> worker[worker_5]
[2016-09-07][18:32:26] [Trace] [@ command_task_req.go.33] SendTaskExe success.
[2016-09-07][18:32:26] [Trace] [@ command_task_req.go.30] task[43] dispatch-> worker[worker_5]
[2016-09-07][18:32:26] [Trace] [@ command_task_req.go.33] SendTaskExe success.
[2016-09-07][18:32:26] [Trace] [@ command_task_req.go.30] task[44] dispatch-> worker[worker_1]
[2016-09-07][18:32:26] [Trace] [@ command_task_req.go.33] SendTaskExe success.
[2016-09-07][18:32:26] [Trace] [@ command_task_req.go.30] task[45] dispatch-> worker[worker_1]
[2016-09-07][18:32:26] [Trace] [@ command_task_req.go.33] SendTaskExe success.
[2016-09-07][18:32:26] [Trace] [@ command_task_req.go.30] task[46] dispatch-> worker[worker_1]
[2016-09-07][18:32:26] [Trace] [@ command_task_req.go.33] SendTaskExe success.
[2016-09-07][18:32:26] [Trace] [@ command_task_req.go.30] task[47] dispatch-> worker[worker_1]
[2016-09-07][18:32:26] [Trace] [@ command_task_req.go.33] SendTaskExe success.
[2016-09-07][18:32:26] [Trace] [@ command_task_req.go.30] task[48] dispatch-> worker[worker_3]
[2016-09-07][18:32:26] [Trace] [@ command_task_req.go.33] SendTaskExe success.
[2016-09-07][18:32:26] [Trace] [@ command_task_req.go.30] task[49] dispatch-> worker[worker_7]
[2016-09-07][18:32:26] [Trace] [@ command_task_req.go.33] SendTaskExe success.
[2016-09-07][18:32:26] [Trace] [@ command_task_req.go.30] task[50] dispatch-> worker[worker_3]
[2016-09-07][18:32:26] [Trace] [@ command_task_req.go.33] SendTaskExe success.
[2016-09-07][18:32:26] [Trace] [@ command_task_req.go.30] task[51] dispatch-> worker[worker_3]
[2016-09-07][18:32:26] [Trace] [@ command_task_req.go.33] SendTaskExe success.
[2016-09-07][18:32:26] [Trace] [@ command_task_req.go.30] task[52] dispatch-> worker[worker_2]
[2016-09-07][18:32:26] [Trace] [@ command_task_req.go.33] SendTaskExe success.
[2016-09-07][18:32:26] [Trace] [@ command_task_req.go.30] task[53] dispatch-> worker[worker_7]
[2016-09-07][18:32:26] [Trace] [@ command_task_req.go.33] SendTaskExe success.
[2016-09-07][18:32:26] [Trace] [@ command_task_req.go.30] task[54] dispatch-> worker[worker_3]
[2016-09-07][18:32:26] [Trace] [@ command_task_req.go.33] SendTaskExe success.
[2016-09-07][18:32:26] [Trace] [@ command_task_req.go.30] task[55] dispatch-> worker[worker_3]
[2016-09-07][18:32:26] [Trace] [@ command_task_req.go.33] SendTaskExe success.
[2016-09-07][18:32:26] [Trace] [@ command_task_req.go.30] task[56] dispatch-> worker[worker_2]
[2016-09-07][18:32:26] [Trace] [@ command_task_req.go.33] SendTaskExe success.
[2016-09-07][18:32:26] [Trace] [@ command_task_req.go.30] task[57] dispatch-> worker[worker_7]
[2016-09-07][18:32:26] [Trace] [@ command_task_req.go.33] SendTaskExe success.
[2016-09-07][18:32:26] [Trace] [@ command_task_req.go.30] task[58] dispatch-> worker[worker_3]
[2016-09-07][18:32:26] [Trace] [@ command_task_req.go.33] SendTaskExe success.
[2016-09-07][18:32:26] [Trace] [@ command_task_req.go.30] task[59] dispatch-> worker[worker_3]
[2016-09-07][18:32:26] [Trace] [@ command_task_req.go.33] SendTaskExe success.
[2016-09-07][18:32:26] [Trace] [@ command_task_req.go.30] task[60] dispatch-> worker[worker_2]
[2016-09-07][18:32:26] [Trace] [@ command_task_req.go.33] SendTaskExe success.
[2016-09-07][18:32:26] [Trace] [@ command_task_req.go.30] task[61] dispatch-> worker[worker_7]
[2016-09-07][18:32:26] [Trace] [@ command_task_req.go.33] SendTaskExe success.
[2016-09-07][18:32:26] [Trace] [@ command_task_req.go.30] task[62] dispatch-> worker[worker_2]
[2016-09-07][18:32:26] [Trace] [@ command_task_req.go.33] SendTaskExe success.
[2016-09-07][18:32:26] [Trace] [@ command_task_req.go.30] task[63] dispatch-> worker[worker_7]
[2016-09-07][18:32:26] [Trace] [@ command_task_req.go.33] SendTaskExe success.
[2016-09-07][18:32:26] [Trace] [@ command_task_req.go.30] task[64] dispatch-> worker[worker_2]
[2016-09-07][18:32:26] [Trace] [@ command_task_req.go.33] SendTaskExe success.
[2016-09-07][18:32:26] [Trace] [@ command_task_req.go.30] task[65] dispatch-> worker[worker_7]
[2016-09-07][18:32:26] [Trace] [@ command_task_req.go.33] SendTaskExe success.
[2016-09-07][18:32:26] [Trace] [@ command_task_req.go.30] task[66] dispatch-> worker[worker_2]
[2016-09-07][18:32:26] [Trace] [@ command_task_req.go.33] SendTaskExe success.
[2016-09-07][18:32:26] [Trace] [@ command_task_req.go.30] task[67] dispatch-> worker[worker_7]
[2016-09-07][18:32:26] [Trace] [@ command_task_req.go.33] SendTaskExe success.
[2016-09-07][18:32:26] [Trace] [@ command_task_req.go.30] task[68] dispatch-> worker[worker_2]
[2016-09-07][18:32:26] [Trace] [@ command_task_req.go.33] SendTaskExe success.
[2016-09-07][18:32:26] [Trace] [@ command_task_req.go.30] task[69] dispatch-> worker[worker_7]
[2016-09-07][18:32:26] [Trace] [@ command_task_req.go.33] SendTaskExe success.
[2016-09-07][18:32:26] [Trace] [@ command_task_req.go.30] task[70] dispatch-> worker[worker_2]
[2016-09-07][18:32:26] [Trace] [@ command_task_req.go.33] SendTaskExe success.
[2016-09-07][18:32:26] [Trace] [@ command_task_req.go.30] task[71] dispatch-> worker[worker_7]
[2016-09-07][18:32:26] [Trace] [@ command_task_req.go.33] SendTaskExe success.
[2016-09-07][18:32:26] [Trace] [@ command_task_req.go.30] task[72] dispatch-> worker[worker_2]
[2016-09-07][18:32:26] [Trace] [@ command_task_req.go.33] SendTaskExe success.
[2016-09-07][18:32:26] [Trace] [@ command_task_req.go.30] task[73] dispatch-> worker[worker_7]
[2016-09-07][18:32:26] [Trace] [@ command_task_req.go.33] SendTaskExe success.
[2016-09-07][18:32:26] [Trace] [@ command_task_req.go.30] task[74] dispatch-> worker[worker_2]
[2016-09-07][18:32:26] [Trace] [@ command_task_req.go.33] SendTaskExe success.
[2016-09-07][18:32:26] [Trace] [@ command_task_req.go.30] task[75] dispatch-> worker[worker_7]
[2016-09-07][18:32:26] [Trace] [@ command_task_req.go.33] SendTaskExe success.
[2016-09-07][18:32:26] [Trace] [@ command_task_req.go.30] task[76] dispatch-> worker[worker_2]
[2016-09-07][18:32:26] [Trace] [@ command_task_req.go.33] SendTaskExe success.
[2016-09-07][18:32:26] [Trace] [@ command_task_req.go.30] task[77] dispatch-> worker[worker_7]
[2016-09-07][18:32:26] [Trace] [@ command_task_req.go.33] SendTaskExe success.
[2016-09-07][18:32:26] [Trace] [@ command_task_req.go.30] task[78] dispatch-> worker[worker_2]
[2016-09-07][18:32:26] [Trace] [@ command_task_req.go.33] SendTaskExe success.
[2016-09-07][18:32:26] [Trace] [@ command_task_req.go.30] task[79] dispatch-> worker[worker_7]
[2016-09-07][18:32:26] [Trace] [@ command_task_req.go.33] SendTaskExe success.
[2016-09-07][18:32:26] [Trace] [@ command_task_req.go.30] task[80] dispatch-> worker[worker_7]
[2016-09-07][18:32:26] [Trace] [@ command_task_req.go.33] SendTaskExe success.
[2016-09-07][18:32:26] [Trace] [@ command_task_req.go.30] task[81] dispatch-> worker[worker_2]
[2016-09-07][18:32:26] [Trace] [@ command_task_req.go.33] SendTaskExe success.
[2016-09-07][18:32:26] [Trace] [@ command_task_req.go.30] task[82] dispatch-> worker[worker_7]
[2016-09-07][18:32:26] [Trace] [@ command_task_req.go.33] SendTaskExe success.
[2016-09-07][18:32:26] [Trace] [@ command_task_req.go.30] task[83] dispatch-> worker[worker_2]
[2016-09-07][18:32:26] [Trace] [@ command_task_req.go.33] SendTaskExe success.
[2016-09-07][18:32:26] [Trace] [@ command_task_req.go.30] task[84] dispatch-> worker[worker_7]
[2016-09-07][18:32:26] [Trace] [@ command_task_req.go.33] SendTaskExe success.
[2016-09-07][18:32:26] [Trace] [@ command_task_req.go.30] task[85] dispatch-> worker[worker_2]
[2016-09-07][18:32:26] [Trace] [@ command_task_req.go.33] SendTaskExe success.
[2016-09-07][18:32:26] [Trace] [@ command_task_req.go.30] task[86] dispatch-> worker[worker_7]
[2016-09-07][18:32:26] [Trace] [@ command_task_req.go.33] SendTaskExe success.
[2016-09-07][18:32:26] [Trace] [@ command_task_req.go.30] task[87] dispatch-> worker[worker_2]
[2016-09-07][18:32:26] [Trace] [@ command_task_req.go.33] SendTaskExe success.
[2016-09-07][18:32:26] [Trace] [@ command_task_req.go.30] task[88] dispatch-> worker[worker_7]
[2016-09-07][18:32:26] [Trace] [@ command_task_req.go.33] SendTaskExe success.
[2016-09-07][18:32:26] [Trace] [@ command_task_req.go.30] task[89] dispatch-> worker[worker_2]
[2016-09-07][18:32:26] [Trace] [@ command_task_req.go.33] SendTaskExe success.
[2016-09-07][18:32:26] [Trace] [@ command_task_req.go.30] task[90] dispatch-> worker[worker_7]
[2016-09-07][18:32:26] [Trace] [@ command_task_req.go.33] SendTaskExe success.
[2016-09-07][18:32:26] [Trace] [@ command_task_req.go.30] task[91] dispatch-> worker[worker_2]
[2016-09-07][18:32:26] [Trace] [@ command_task_req.go.33] SendTaskExe success.
[2016-09-07][18:32:26] [Trace] [@ command_task_req.go.30] task[92] dispatch-> worker[worker_7]
[2016-09-07][18:32:26] [Trace] [@ command_task_req.go.33] SendTaskExe success.
[2016-09-07][18:32:26] [Trace] [@ command_task_req.go.30] task[93] dispatch-> worker[worker_2]
[2016-09-07][18:32:26] [Trace] [@ command_task_req.go.33] SendTaskExe success.
[2016-09-07][18:32:26] [Trace] [@ command_task_req.go.30] task[94] dispatch-> worker[worker_7]
[2016-09-07][18:32:26] [Trace] [@ command_task_req.go.33] SendTaskExe success.
[2016-09-07][18:32:26] [Trace] [@ command_task_req.go.30] task[95] dispatch-> worker[worker_2]
[2016-09-07][18:32:26] [Trace] [@ command_task_req.go.33] SendTaskExe success.
[2016-09-07][18:32:26] [Trace] [@ command_task_req.go.30] task[96] dispatch-> worker[worker_7]
[2016-09-07][18:32:26] [Trace] [@ command_task_req.go.33] SendTaskExe success.
[2016-09-07][18:32:26] [Trace] [@ command_task_req.go.30] task[97] dispatch-> worker[worker_2]
[2016-09-07][18:32:26] [Trace] [@ command_task_req.go.33] SendTaskExe success.
[2016-09-07][18:32:26] [Trace] [@ command_task_req.go.30] task[98] dispatch-> worker[worker_7]
[2016-09-07][18:32:26] [Trace] [@ command_task_req.go.33] SendTaskExe success.
[2016-09-07][18:32:26] [Trace] [@ command_task_req.go.30] task[99] dispatch-> worker[worker_2]
[2016-09-07][18:32:26] [Trace] [@ command_task_req.go.33] SendTaskExe success.
[2016-09-07][18:32:26] [Trace] [@ command_task_req.go.73] task[test45] dispatch-> worker[test45]
[2016-09-07][18:32:26] [Trace] [@ command_task_req.go.76] SendTaskExe success.
[2016-09-07][18:32:26] [Trace] [@ command_task_req.go.73] task[test98] dispatch-> worker[test98]
[2016-09-07][18:32:26] [Trace] [@ command_task_req.go.76] SendTaskExe success.
[2016-09-07][18:32:26] [Trace] [@ command_task_req.go.73] task[test37] dispatch-> worker[test37]
[2016-09-07][18:32:26] [Trace] [@ command_task_req.go.76] SendTaskExe success.
[2016-09-07][18:32:26] [Trace] [@ command_task_req.go.73] task[test6] dispatch-> worker[test6]
[2016-09-07][18:32:26] [Trace] [@ command_task_req.go.76] SendTaskExe success.
[2016-09-07][18:32:26] [Trace] [@ command_task_req.go.73] task[test95] dispatch-> worker[test95]
[2016-09-07][18:32:26] [Trace] [@ command_task_req.go.76] SendTaskExe success.
[2016-09-07][18:32:26] [Trace] [@ command_task_req.go.73] task[test66] dispatch-> worker[test66]
[2016-09-07][18:32:26] [Trace] [@ command_task_req.go.76] SendTaskExe success.
[2016-09-07][18:32:26] [Trace] [@ command_task_req.go.73] task[test28] dispatch-> worker[test28]
[2016-09-07][18:32:26] [Trace] [@ command_task_req.go.76] SendTaskExe success.
[2016-09-07][18:32:26] [Trace] [@ command_task_req.go.73] task[test58] dispatch-> worker[test58]
[2016-09-07][18:32:26] [Trace] [@ command_task_req.go.76] SendTaskExe success.
[2016-09-07][18:32:26] [Trace] [@ command_task_req.go.73] task[test47] dispatch-> worker[test47]
[2016-09-07][18:32:26] [Trace] [@ command_task_req.go.76] SendTaskExe success.
[2016-09-07][18:32:26] [Trace] [@ command_task_req.go.73] task[test47] dispatch-> worker[test47]
[2016-09-07][18:32:26] [Trace] [@ command_task_req.go.76] SendTaskExe success.
[2016-09-07][18:32:26] [Trace] [@ command_task_req.go.73] task[test87] dispatch-> worker[test87]
[2016-09-07][18:32:26] [Trace] [@ command_task_req.go.76] SendTaskExe success.
[2016-09-07][18:32:26] [Trace] [@ command_task_req.go.73] task[test88] dispatch-> worker[test88]
[2016-09-07][18:32:26] [Trace] [@ command_task_req.go.76] SendTaskExe success.
[2016-09-07][18:32:26] [Trace] [@ command_task_req.go.73] task[test90] dispatch-> worker[test90]
[2016-09-07][18:32:26] [Trace] [@ command_task_req.go.76] SendTaskExe success.
[2016-09-07][18:32:26] [Trace] [@ command_task_req.go.73] task[test15] dispatch-> worker[test15]
[2016-09-07][18:32:26] [Trace] [@ command_task_req.go.76] SendTaskExe success.
[2016-09-07][18:32:26] [Trace] [@ command_task_req.go.73] task[test41] dispatch-> worker[test41]
[2016-09-07][18:32:26] [Trace] [@ command_task_req.go.76] SendTaskExe success.
[2016-09-07][18:32:26] [Trace] [@ command_task_req.go.73] task[test8] dispatch-> worker[test8]
[2016-09-07][18:32:26] [Trace] [@ command_task_req.go.76] SendTaskExe success.
[2016-09-07][18:32:26] [Trace] [@ command_task_req.go.73] task[test87] dispatch-> worker[test87]
[2016-09-07][18:32:26] [Trace] [@ command_task_req.go.76] SendTaskExe success.
[2016-09-07][18:32:26] [Trace] [@ command_task_req.go.73] task[test31] dispatch-> worker[test31]
[2016-09-07][18:32:26] [Trace] [@ command_task_req.go.76] SendTaskExe success.
[2016-09-07][18:32:26] [Trace] [@ command_task_req.go.73] task[test29] dispatch-> worker[test29]
[2016-09-07][18:32:26] [Trace] [@ command_task_req.go.76] SendTaskExe success.
[2016-09-07][18:32:26] [Trace] [@ command_task_req.go.73] task[test56] dispatch-> worker[test56]
[2016-09-07][18:32:26] [Trace] [@ command_task_req.go.76] SendTaskExe success.
[2016-09-07][18:32:26] [Trace] [@ command_task_req.go.73] task[test37] dispatch-> worker[test37]
[2016-09-07][18:32:26] [Trace] [@ command_task_req.go.76] SendTaskExe success.
[2016-09-07][18:32:26] [Trace] [@ command_task_req.go.73] task[test31] dispatch-> worker[test31]
[2016-09-07][18:32:26] [Trace] [@ command_task_req.go.76] SendTaskExe success.
[2016-09-07][18:32:26] [Trace] [@ command_task_req.go.73] task[test85] dispatch-> worker[test85]
[2016-09-07][18:32:26] [Trace] [@ command_task_req.go.76] SendTaskExe success.
[2016-09-07][18:32:26] [Trace] [@ command_task_req.go.73] task[test26] dispatch-> worker[test26]
[2016-09-07][18:32:26] [Trace] [@ command_task_req.go.76] SendTaskExe success.
[2016-09-07][18:32:26] [Trace] [@ command_task_req.go.73] task[test13] dispatch-> worker[test13]
[2016-09-07][18:32:26] [Trace] [@ command_task_req.go.76] SendTaskExe success.
[2016-09-07][18:32:26] [Trace] [@ command_task_req.go.73] task[test90] dispatch-> worker[test90]
[2016-09-07][18:32:26] [Trace] [@ command_task_req.go.76] SendTaskExe success.
[2016-09-07][18:32:26] [Trace] [@ command_task_req.go.73] task[test94] dispatch-> worker[test94]
[2016-09-07][18:32:26] [Trace] [@ command_task_req.go.76] SendTaskExe success.
[2016-09-07][18:32:26] [Trace] [@ command_task_req.go.73] task[test63] dispatch-> worker[test63]
[2016-09-07][18:32:26] [Trace] [@ command_task_req.go.76] SendTaskExe success.
[2016-09-07][18:32:26] [Trace] [@ command_task_req.go.73] task[test33] dispatch-> worker[test33]
[2016-09-07][18:32:26] [Trace] [@ command_task_req.go.76] SendTaskExe success.
[2016-09-07][18:32:26] [Trace] [@ command_task_req.go.73] task[test47] dispatch-> worker[test47]
[2016-09-07][18:32:26] [Trace] [@ command_task_req.go.76] SendTaskExe success.
[2016-09-07][18:32:26] [Trace] [@ command_task_req.go.73] task[test78] dispatch-> worker[test78]
[2016-09-07][18:32:26] [Trace] [@ command_task_req.go.76] SendTaskExe success.
[2016-09-07][18:32:26] [Trace] [@ command_task_req.go.73] task[test24] dispatch-> worker[test24]
[2016-09-07][18:32:26] [Trace] [@ command_task_req.go.76] SendTaskExe success.
[2016-09-07][18:32:26] [Trace] [@ command_task_req.go.73] task[test59] dispatch-> worker[test59]
[2016-09-07][18:32:26] [Trace] [@ command_task_req.go.76] SendTaskExe success.
[2016-09-07][18:32:26] [Trace] [@ command_task_req.go.73] task[test53] dispatch-> worker[test53]
[2016-09-07][18:32:26] [Trace] [@ command_task_req.go.76] SendTaskExe success.
[2016-09-07][18:32:26] [Trace] [@ command_task_req.go.73] task[test57] dispatch-> worker[test57]
[2016-09-07][18:32:26] [Trace] [@ command_task_req.go.76] SendTaskExe success.
[2016-09-07][18:32:26] [Trace] [@ command_task_req.go.73] task[test21] dispatch-> worker[test21]
[2016-09-07][18:32:26] [Trace] [@ command_task_req.go.76] SendTaskExe success.
[2016-09-07][18:32:26] [Trace] [@ command_task_req.go.73] task[test89] dispatch-> worker[test89]
[2016-09-07][18:32:26] [Trace] [@ command_task_req.go.76] SendTaskExe success.
[2016-09-07][18:32:26] [Trace] [@ command_task_req.go.73] task[test99] dispatch-> worker[test99]
[2016-09-07][18:32:26] [Trace] [@ command_task_req.go.76] SendTaskExe success.
[2016-09-07][18:32:26] [Trace] [@ command_task_req.go.73] task[test0] dispatch-> worker[test0]
[2016-09-07][18:32:26] [Trace] [@ command_task_req.go.76] SendTaskExe success.
[2016-09-07][18:32:26] [Trace] [@ command_task_req.go.73] task[test5] dispatch-> worker[test5]
[2016-09-07][18:32:26] [Trace] [@ command_task_req.go.76] SendTaskExe success.
[2016-09-07][18:32:26] [Trace] [@ command_task_req.go.73] task[test88] dispatch-> worker[test88]
[2016-09-07][18:32:26] [Trace] [@ command_task_req.go.76] SendTaskExe success.
[2016-09-07][18:32:26] [Trace] [@ command_task_req.go.73] task[test38] dispatch-> worker[test38]
[2016-09-07][18:32:26] [Trace] [@ command_task_req.go.76] SendTaskExe success.
[2016-09-07][18:32:26] [Trace] [@ command_task_req.go.73] task[test3] dispatch-> worker[test3]
[2016-09-07][18:32:26] [Trace] [@ command_task_req.go.76] SendTaskExe success.
[2016-09-07][18:32:26] [Trace] [@ command_task_req.go.73] task[test55] dispatch-> worker[test55]
[2016-09-07][18:32:26] [Trace] [@ command_task_req.go.76] SendTaskExe success.
[2016-09-07][18:32:26] [Trace] [@ command_task_req.go.73] task[test51] dispatch-> worker[test51]
[2016-09-07][18:32:26] [Trace] [@ command_task_req.go.76] SendTaskExe success.
[2016-09-07][18:32:26] [Trace] [@ command_task_req.go.73] task[test10] dispatch-> worker[test10]
[2016-09-07][18:32:26] [Trace] [@ command_task_req.go.76] SendTaskExe success.
[2016-09-07][18:32:26] [Trace] [@ command_task_req.go.73] task[test5] dispatch-> worker[test5]
[2016-09-07][18:32:26] [Trace] [@ command_task_req.go.76] SendTaskExe success.
[2016-09-07][18:32:26] [Trace] [@ command_task_req.go.73] task[test56] dispatch-> worker[test56]
[2016-09-07][18:32:26] [Info] [@ modulemgr.go.162] module [     taskexample] init[ok]
[2016-09-07][18:32:26] [Info] [@ modulemgr.go.160] module [    timerexample] init...
[2016-09-07][18:32:26] [Info] [@ modulemgr.go.162] module [    timerexample] init[ok]
[2016-09-07][18:32:26] [Info] [@ modulemgr.go.166] Start Initialize Modules [ok]
[2016-09-07][18:32:26] [Trace] [@ command_task_req.go.76] SendTaskExe success.
[2016-09-07][18:32:26] [Trace] [@ command_task_req.go.73] task[test66] dispatch-> worker[test66]
[2016-09-07][18:32:26] [Trace] [@ command_task_req.go.76] SendTaskExe success.
[2016-09-07][18:32:26] [Trace] [@ command_task_req.go.73] task[test28] dispatch-> worker[test28]
[2016-09-07][18:32:26] [Trace] [@ command_task_req.go.76] SendTaskExe success.
[2016-09-07][18:32:26] [Trace] [@ command_task_req.go.73] task[test61] dispatch-> worker[test61]
[2016-09-07][18:32:26] [Trace] [@ command_task_req.go.76] SendTaskExe success.
[2016-09-07][18:32:26] [Trace] [@ command_task_req.go.73] task[test2] dispatch-> worker[test2]
[2016-09-07][18:32:26] [Trace] [@ command_task_req.go.76] SendTaskExe success.
[2016-09-07][18:32:26] [Trace] [@ command_task_req.go.73] task[test83] dispatch-> worker[test83]
[2016-09-07][18:32:26] [Trace] [@ command_task_req.go.76] SendTaskExe success.
[2016-09-07][18:32:26] [Trace] [@ command_task_req.go.73] task[test46] dispatch-> worker[test46]
[2016-09-07][18:32:26] [Trace] [@ command_task_req.go.76] SendTaskExe success.
[2016-09-07][18:32:26] [Trace] [@ command_task_req.go.73] task[test63] dispatch-> worker[test63]
[2016-09-07][18:32:26] [Trace] [@ command_task_req.go.76] SendTaskExe success.
[2016-09-07][18:32:26] [Trace] [@ command_task_req.go.73] task[test76] dispatch-> worker[test76]
[2016-09-07][18:32:26] [Trace] [@ command_task_req.go.76] SendTaskExe success.
[2016-09-07][18:32:26] [Trace] [@ command_task_req.go.73] task[test2] dispatch-> worker[test2]
[2016-09-07][18:32:26] [Trace] [@ command_task_req.go.76] SendTaskExe success.
[2016-09-07][18:32:26] [Trace] [@ command_task_req.go.73] task[test18] dispatch-> worker[test18]
[2016-09-07][18:32:26] [Trace] [@ command_task_req.go.76] SendTaskExe success.
[2016-09-07][18:32:26] [Trace] [@ command_task_req.go.73] task[test47] dispatch-> worker[test47]
[2016-09-07][18:32:26] [Trace] [@ command_task_req.go.76] SendTaskExe success.
[2016-09-07][18:32:26] [Trace] [@ command_task_req.go.73] task[test94] dispatch-> worker[test94]
[2016-09-07][18:32:26] [Trace] [@ command_task_req.go.76] SendTaskExe success.
[2016-09-07][18:32:26] [Trace] [@ command_task_req.go.73] task[test77] dispatch-> worker[test77]
[2016-09-07][18:32:26] [Trace] [@ command_task_req.go.76] SendTaskExe success.
[2016-09-07][18:32:26] [Trace] [@ command_task_req.go.73] task[test63] dispatch-> worker[test63]
[2016-09-07][18:32:26] [Trace] [@ command_task_req.go.76] SendTaskExe success.
[2016-09-07][18:32:26] [Trace] [@ command_task_req.go.73] task[test96] dispatch-> worker[test96]
[2016-09-07][18:32:26] [Trace] [@ command_task_req.go.76] SendTaskExe success.
[2016-09-07][18:32:26] [Trace] [@ command_task_req.go.73] task[test20] dispatch-> worker[test20]
[2016-09-07][18:32:26] [Trace] [@ command_task_req.go.76] SendTaskExe success.
[2016-09-07][18:32:26] [Trace] [@ command_task_req.go.73] task[test23] dispatch-> worker[test23]
[2016-09-07][18:32:26] [Trace] [@ command_task_req.go.76] SendTaskExe success.
[2016-09-07][18:32:26] [Trace] [@ command_task_req.go.73] task[test53] dispatch-> worker[test53]
[2016-09-07][18:32:26] [Trace] [@ command_task_req.go.76] SendTaskExe success.
[2016-09-07][18:32:26] [Trace] [@ command_task_req.go.73] task[test37] dispatch-> worker[test37]
[2016-09-07][18:32:26] [Trace] [@ command_task_req.go.76] SendTaskExe success.
[2016-09-07][18:32:26] [Trace] [@ command_task_req.go.73] task[test33] dispatch-> worker[test33]
[2016-09-07][18:32:26] [Trace] [@ command_task_req.go.76] SendTaskExe success.
[2016-09-07][18:32:26] [Trace] [@ command_task_req.go.73] task[test41] dispatch-> worker[test41]
[2016-09-07][18:32:26] [Trace] [@ command_task_req.go.76] SendTaskExe success.
[2016-09-07][18:32:26] [Trace] [@ command_task_req.go.73] task[test59] dispatch-> worker[test59]
[2016-09-07][18:32:26] [Trace] [@ command_task_req.go.76] SendTaskExe success.
[2016-09-07][18:32:26] [Trace] [@ command_task_req.go.73] task[test33] dispatch-> worker[test33]
[2016-09-07][18:32:26] [Trace] [@ command_task_req.go.76] SendTaskExe success.
[2016-09-07][18:32:26] [Trace] [@ command_task_req.go.73] task[test43] dispatch-> worker[test43]
[2016-09-07][18:32:26] [Trace] [@ command_task_req.go.76] SendTaskExe success.
[2016-09-07][18:32:26] [Trace] [@ command_task_req.go.73] task[test91] dispatch-> worker[test91]
[2016-09-07][18:32:26] [Trace] [@ command_task_req.go.76] SendTaskExe success.
[2016-09-07][18:32:26] [Trace] [@ command_task_req.go.73] task[test2] dispatch-> worker[test2]
[2016-09-07][18:32:26] [Trace] [@ command_task_req.go.76] SendTaskExe success.
[2016-09-07][18:32:26] [Trace] [@ command_task_req.go.73] task[test78] dispatch-> worker[test78]
[2016-09-07][18:32:26] [Trace] [@ command_task_req.go.76] SendTaskExe success.
[2016-09-07][18:32:26] [Trace] [@ command_task_req.go.73] task[test36] dispatch-> worker[test36]
[2016-09-07][18:32:26] [Trace] [@ command_task_req.go.76] SendTaskExe success.
[2016-09-07][18:32:26] [Trace] [@ command_task_req.go.73] task[test46] dispatch-> worker[test46]
[2016-09-07][18:32:26] [Trace] [@ command_task_req.go.76] SendTaskExe success.
[2016-09-07][18:32:26] [Trace] [@ command_task_req.go.73] task[test7] dispatch-> worker[test7]
[2016-09-07][18:32:26] [Trace] [@ command_task_req.go.76] SendTaskExe success.
[2016-09-07][18:32:26] [Trace] [@ command_task_req.go.73] task[test40] dispatch-> worker[test40]
[2016-09-07][18:32:26] [Trace] [@ command_task_req.go.76] SendTaskExe success.
[2016-09-07][18:32:26] [Trace] [@ command_task_req.go.73] task[test3] dispatch-> worker[test3]
[2016-09-07][18:32:26] [Trace] [@ command_task_req.go.76] SendTaskExe success.
[2016-09-07][18:32:26] [Trace] [@ command_task_req.go.73] task[test52] dispatch-> worker[test52]
[2016-09-07][18:32:26] [Trace] [@ command_task_req.go.76] SendTaskExe success.
[2016-09-07][18:32:26] [Trace] [@ command_task_req.go.73] task[test43] dispatch-> worker[test43]
[2016-09-07][18:32:26] [Trace] [@ command_task_req.go.76] SendTaskExe success.
[2016-09-07][18:32:26] [Trace] [@ command_task_req.go.73] task[test5] dispatch-> worker[test5]
[2016-09-07][18:32:26] [Trace] [@ command_task_req.go.76] SendTaskExe success.
[2016-09-07][18:32:26] [Trace] [@ command_task_req.go.73] task[test11] dispatch-> worker[test11]
[2016-09-07][18:32:26] [Trace] [@ command_task_req.go.76] SendTaskExe success.
[2016-09-07][18:32:26] [Trace] [@ command_task_req.go.73] task[test81] dispatch-> worker[test81]
[2016-09-07][18:32:26] [Trace] [@ command_task_req.go.76] SendTaskExe success.
[2016-09-07][18:32:26] [Trace] [@ command_task_req.go.73] task[test87] dispatch-> worker[test87]
[2016-09-07][18:32:26] [Trace] [@ command_task_req.go.76] SendTaskExe success.
[2016-09-07][18:32:26] [Trace] [@ command_task_req.go.73] task[test47] dispatch-> worker[test47]
[2016-09-07][18:32:26] [Trace] [@ command_task_req.go.76] SendTaskExe success.
[2016-09-07][18:32:26] [Trace] [@ command_task_req.go.73] task[test59] dispatch-> worker[test59]
[2016-09-07][18:32:26] [Trace] [@ command_task_req.go.76] SendTaskExe success.
[2016-09-07][18:32:26] [Trace] [@ command_task_req.go.73] task[test81] dispatch-> worker[test81]
[2016-09-07][18:32:26] [Trace] [@ command_task_req.go.76] SendTaskExe success.
[2016-09-07][18:32:26] [Trace] [@ command_task_req.go.73] task[test18] dispatch-> worker[test18]
[2016-09-07][18:32:26] [Trace] [@ command_task_req.go.76] SendTaskExe success.
[2016-09-07][18:32:26] [Trace] [@ command_task_req.go.73] task[test25] dispatch-> worker[test25]
[2016-09-07][18:32:26] [Trace] [@ command_task_req.go.76] SendTaskExe success.
[2016-09-07][18:32:26] [Trace] [@ command_task_req.go.73] task[test40] dispatch-> worker[test40]
[2016-09-07][18:32:26] [Trace] [@ command_task_req.go.76] SendTaskExe success.
[2016-09-07][18:32:26] [Trace] [@ command_task_req.go.73] task[test56] dispatch-> worker[test56]
[2016-09-07][18:32:26] [Trace] [@ command_task_req.go.76] SendTaskExe success.
[2016-09-07][18:32:26] [Trace] [@ command_task_req.go.73] task[test0] dispatch-> worker[test0]
[2016-09-07][18:32:26] [Trace] [@ command_task_req.go.76] SendTaskExe success.
[2016-09-07][18:32:26] [Trace] [@ command_task_req.go.73] task[test94] dispatch-> worker[test94]
[2016-09-07][18:32:26] [Trace] [@ command_task_req.go.76] SendTaskExe success.
[2016-09-07][18:32:26] [Trace] [@ command_task_req.go.73] task[test62] dispatch-> worker[test62]
[2016-09-07][18:32:26] [Trace] [@ command_task_req.go.76] SendTaskExe success.
[2016-09-07][18:32:26] [Trace] [@ command_task_req.go.73] task[test89] dispatch-> worker[test89]
[2016-09-07][18:32:26] [Trace] [@ command_task_req.go.76] SendTaskExe success.
[2016-09-07][18:32:26] [Trace] [@ command_task_req.go.73] task[test28] dispatch-> worker[test28]
[2016-09-07][18:32:26] [Trace] [@ command_task_req.go.76] SendTaskExe success.
[2016-09-07][18:32:26] [Trace] [@ command_task_req.go.73] task[test74] dispatch-> worker[test74]
[2016-09-07][18:32:26] [Trace] [@ command_task_req.go.76] SendTaskExe success.
[2016-09-07][18:32:26] [Trace] [@ command_task_req.go.73] task[test11] dispatch-> worker[test11]
[2016-09-07][18:32:26] [Trace] [@ command_task_req.go.76] SendTaskExe success.
[2016-09-07][18:44:27] [Info] [@ modulemgr.go.66] module [     taskexample] registe;interval=1s,priority=0
[2016-09-07][18:44:27] [Info] [@ modulemgr.go.66] module [    timerexample] registe;interval=1s,priority=0
[2016-09-07][18:44:27] [Info] [@ loader.go.72] package [            core] load success
[2016-09-07][18:44:27] [Info] [@ loader.go.72] package [          module] load success
[2016-09-07][18:44:27] [Trace] [@ executor.go.37] Executor Start
[2016-09-07][18:44:27] [Trace] [@ executor.go.49] Executor Start [ok]
[2016-09-07][18:44:27] [Info] [@ loader.go.72] package [            task] load success
[2016-09-07][18:44:27] [Trace] [@ timer.go.32] Timer Start
[2016-09-07][18:44:27] [Trace] [@ timer.go.42] Timer Start [ok]
[2016-09-07][18:44:27] [Info] [@ loader.go.72] package [           timer] load success
[2016-09-07][18:44:27] [Info] [@ modulemgr.go.128] Startup PreloadModules
[2016-09-07][18:44:27] [Info] [@ modulemgr.go.134] Startup PreloadModules [ok]
[2016-09-07][18:44:27] [Info] [@ modulemgr.go.156] Start Initialize Modules
[2016-09-07][18:44:27] [Info] [@ modulemgr.go.160] module [     taskexample] init...
[2016-09-07][18:44:27] [Trace] [@ command_task_req.go.30] task[1] dispatch-> worker[worker_7]
[2016-09-07][18:44:27] [Trace] [@ command_task_req.go.33] SendTaskExe success.
[2016-09-07][18:44:27] [Trace] [@ command_task_req.go.30] task[2] dispatch-> worker[worker_2]
[2016-09-07][18:44:27] [Trace] [@ command_task_req.go.33] SendTaskExe success.
[2016-09-07][18:44:27] [Trace] [@ command_task_req.go.30] task[3] dispatch-> worker[worker_7]
[2016-09-07][18:44:27] [Trace] [@ command_task_req.go.33] SendTaskExe success.
[2016-09-07][18:44:27] [Trace] [@ command_task_req.go.30] task[4] dispatch-> worker[worker_2]
[2016-09-07][18:44:27] [Trace] [@ command_task_req.go.33] SendTaskExe success.
[2016-09-07][18:44:27] [Trace] [@ command_task_req.go.30] task[5] dispatch-> worker[worker_7]
[2016-09-07][18:44:27] [Trace] [@ command_task_req.go.33] SendTaskExe success.
[2016-09-07][18:44:27] [Trace] [@ command_task_req.go.30] task[6] dispatch-> worker[worker_2]
[2016-09-07][18:44:27] [Trace] [@ command_task_req.go.33] SendTaskExe success.
[2016-09-07][18:44:27] [Trace] [@ command_task_req.go.30] task[7] dispatch-> worker[worker_7]
[2016-09-07][18:44:27] [Trace] [@ command_task_req.go.33] SendTaskExe success.
[2016-09-07][18:44:27] [Trace] [@ command_task_req.go.30] task[8] dispatch-> worker[worker_2]
[2016-09-07][18:44:27] [Trace] [@ command_task_req.go.33] SendTaskExe success.
[2016-09-07][18:44:27] [Trace] [@ command_task_req.go.30] task[9] dispatch-> worker[worker_7]
[2016-09-07][18:44:27] [Trace] [@ command_task_req.go.33] SendTaskExe success.
[2016-09-07][18:44:27] [Trace] [@ command_task_req.go.30] task[10] dispatch-> worker[worker_7]
[2016-09-07][18:44:27] [Trace] [@ command_task_req.go.33] SendTaskExe success.
[2016-09-07][18:44:27] [Trace] [@ command_task_req.go.30] task[11] dispatch-> worker[worker_3]
[2016-09-07][18:44:27] [Trace] [@ command_task_req.go.33] SendTaskExe success.
[2016-09-07][18:44:27] [Trace] [@ command_task_req.go.30] task[12] dispatch-> worker[worker_7]
[2016-09-07][18:44:27] [Trace] [@ command_task_req.go.33] SendTaskExe success.
[2016-09-07][18:44:27] [Trace] [@ command_task_req.go.30] task[13] dispatch-> worker[worker_6]
[2016-09-07][18:44:27] [Trace] [@ command_task_req.go.33] SendTaskExe success.
[2016-09-07][18:44:27] [Trace] [@ command_task_req.go.30] task[14] dispatch-> worker[worker_7]
[2016-09-07][18:44:27] [Trace] [@ command_task_req.go.33] SendTaskExe success.
[2016-09-07][18:44:27] [Trace] [@ command_task_req.go.30] task[15] dispatch-> worker[worker_3]
[2016-09-07][18:44:27] [Trace] [@ command_task_req.go.33] SendTaskExe success.
[2016-09-07][18:44:27] [Trace] [@ command_task_req.go.30] task[16] dispatch-> worker[worker_7]
[2016-09-07][18:44:27] [Trace] [@ command_task_req.go.33] SendTaskExe success.
[2016-09-07][18:44:27] [Trace] [@ command_task_req.go.30] task[17] dispatch-> worker[worker_6]
[2016-09-07][18:44:27] [Trace] [@ command_task_req.go.33] SendTaskExe success.
[2016-09-07][18:44:27] [Trace] [@ command_task_req.go.30] task[18] dispatch-> worker[worker_3]
[2016-09-07][18:44:27] [Trace] [@ command_task_req.go.33] SendTaskExe success.
[2016-09-07][18:44:27] [Trace] [@ command_task_req.go.30] task[19] dispatch-> worker[worker_6]
[2016-09-07][18:44:27] [Trace] [@ command_task_req.go.33] SendTaskExe success.
[2016-09-07][18:44:27] [Trace] [@ command_task_req.go.30] task[20] dispatch-> worker[worker_7]
[2016-09-07][18:44:27] [Trace] [@ command_task_req.go.33] SendTaskExe success.
[2016-09-07][18:44:27] [Trace] [@ command_task_req.go.30] task[21] dispatch-> worker[worker_2]
[2016-09-07][18:44:27] [Trace] [@ command_task_req.go.33] SendTaskExe success.
[2016-09-07][18:44:27] [Trace] [@ command_task_req.go.30] task[22] dispatch-> worker[worker_7]
[2016-09-07][18:44:27] [Trace] [@ command_task_req.go.33] SendTaskExe success.
[2016-09-07][18:44:27] [Trace] [@ command_task_req.go.30] task[23] dispatch-> worker[worker_2]
[2016-09-07][18:44:27] [Trace] [@ command_task_req.go.33] SendTaskExe success.
[2016-09-07][18:44:27] [Trace] [@ command_task_req.go.30] task[24] dispatch-> worker[worker_7]
[2016-09-07][18:44:27] [Trace] [@ command_task_req.go.33] SendTaskExe success.
[2016-09-07][18:44:27] [Trace] [@ command_task_req.go.30] task[25] dispatch-> worker[worker_2]
[2016-09-07][18:44:27] [Trace] [@ command_task_req.go.33] SendTaskExe success.
[2016-09-07][18:44:27] [Trace] [@ command_task_req.go.30] task[26] dispatch-> worker[worker_7]
[2016-09-07][18:44:27] [Trace] [@ command_task_req.go.33] SendTaskExe success.
[2016-09-07][18:44:27] [Trace] [@ command_task_req.go.30] task[27] dispatch-> worker[worker_2]
[2016-09-07][18:44:27] [Trace] [@ command_task_req.go.33] SendTaskExe success.
[2016-09-07][18:44:27] [Trace] [@ command_task_req.go.30] task[28] dispatch-> worker[worker_7]
[2016-09-07][18:44:27] [Trace] [@ command_task_req.go.33] SendTaskExe success.
[2016-09-07][18:44:27] [Trace] [@ command_task_req.go.30] task[29] dispatch-> worker[worker_2]
[2016-09-07][18:44:27] [Trace] [@ command_task_req.go.33] SendTaskExe success.
[2016-09-07][18:44:27] [Trace] [@ command_task_req.go.30] task[30] dispatch-> worker[worker_7]
[2016-09-07][18:44:27] [Trace] [@ command_task_req.go.33] SendTaskExe success.
[2016-09-07][18:44:27] [Trace] [@ command_task_req.go.30] task[31] dispatch-> worker[worker_2]
[2016-09-07][18:44:27] [Trace] [@ command_task_req.go.33] SendTaskExe success.
[2016-09-07][18:44:27] [Trace] [@ command_task_req.go.30] task[32] dispatch-> worker[worker_7]
[2016-09-07][18:44:27] [Trace] [@ command_task_req.go.33] SendTaskExe success.
[2016-09-07][18:44:27] [Trace] [@ command_task_req.go.30] task[33] dispatch-> worker[worker_2]
[2016-09-07][18:44:27] [Trace] [@ command_task_req.go.33] SendTaskExe success.
[2016-09-07][18:44:27] [Trace] [@ command_task_req.go.30] task[34] dispatch-> worker[worker_7]
[2016-09-07][18:44:27] [Trace] [@ command_task_req.go.33] SendTaskExe success.
[2016-09-07][18:44:27] [Trace] [@ command_task_req.go.30] task[35] dispatch-> worker[worker_2]
[2016-09-07][18:44:27] [Trace] [@ command_task_req.go.33] SendTaskExe success.
[2016-09-07][18:44:27] [Trace] [@ command_task_req.go.30] task[36] dispatch-> worker[worker_7]
[2016-09-07][18:44:27] [Trace] [@ command_task_req.go.33] SendTaskExe success.
[2016-09-07][18:44:27] [Trace] [@ command_task_req.go.30] task[37] dispatch-> worker[worker_2]
[2016-09-07][18:44:27] [Trace] [@ command_task_req.go.33] SendTaskExe success.
[2016-09-07][18:44:27] [Trace] [@ command_task_req.go.30] task[38] dispatch-> worker[worker_7]
[2016-09-07][18:44:27] [Trace] [@ command_task_req.go.33] SendTaskExe success.
[2016-09-07][18:44:27] [Trace] [@ command_task_req.go.30] task[39] dispatch-> worker[worker_2]
[2016-09-07][18:44:27] [Info] [@ modulemgr.go.162] module [     taskexample] init[ok]
[2016-09-07][18:44:27] [Info] [@ modulemgr.go.160] module [    timerexample] init...
[2016-09-07][18:44:27] [Info] [@ modulemgr.go.162] module [    timerexample] init[ok]
[2016-09-07][18:44:27] [Info] [@ modulemgr.go.166] Start Initialize Modules [ok]
[2016-09-07][18:44:27] [Trace] [@ command_task_req.go.33] SendTaskExe success.
[2016-09-07][18:44:27] [Trace] [@ command_task_req.go.30] task[40] dispatch-> worker[worker_5]
[2016-09-07][18:44:27] [Trace] [@ command_task_req.go.33] SendTaskExe success.
[2016-09-07][18:44:27] [Trace] [@ command_task_req.go.30] task[41] dispatch-> worker[worker_5]
[2016-09-07][18:44:27] [Trace] [@ command_task_req.go.33] SendTaskExe success.
[2016-09-07][18:44:27] [Trace] [@ command_task_req.go.30] task[42] dispatch-> worker[worker_5]
[2016-09-07][18:44:27] [Trace] [@ command_task_req.go.33] SendTaskExe success.
[2016-09-07][18:44:27] [Trace] [@ command_task_req.go.30] task[43] dispatch-> worker[worker_5]
[2016-09-07][18:44:27] [Trace] [@ command_task_req.go.33] SendTaskExe success.
[2016-09-07][18:44:27] [Trace] [@ command_task_req.go.30] task[44] dispatch-> worker[worker_1]
[2016-09-07][18:44:27] [Trace] [@ command_task_req.go.33] SendTaskExe success.
[2016-09-07][18:44:27] [Trace] [@ command_task_req.go.30] task[45] dispatch-> worker[worker_1]
[2016-09-07][18:44:27] [Trace] [@ command_task_req.go.33] SendTaskExe success.
[2016-09-07][18:44:27] [Trace] [@ command_task_req.go.30] task[46] dispatch-> worker[worker_1]
[2016-09-07][18:44:27] [Trace] [@ command_task_req.go.33] SendTaskExe success.
[2016-09-07][18:44:27] [Trace] [@ command_task_req.go.30] task[47] dispatch-> worker[worker_1]
[2016-09-07][18:44:27] [Trace] [@ command_task_req.go.33] SendTaskExe success.
[2016-09-07][18:44:27] [Trace] [@ command_task_req.go.30] task[48] dispatch-> worker[worker_3]
[2016-09-07][18:44:27] [Trace] [@ command_task_req.go.33] SendTaskExe success.
[2016-09-07][18:44:27] [Trace] [@ command_task_req.go.30] task[49] dispatch-> worker[worker_7]
[2016-09-07][18:44:27] [Trace] [@ command_task_req.go.33] SendTaskExe success.
[2016-09-07][18:44:27] [Trace] [@ command_task_req.go.30] task[50] dispatch-> worker[worker_3]
[2016-09-07][18:44:27] [Trace] [@ command_task_req.go.33] SendTaskExe success.
[2016-09-07][18:44:27] [Trace] [@ command_task_req.go.30] task[51] dispatch-> worker[worker_3]
[2016-09-07][18:44:27] [Trace] [@ command_task_req.go.33] SendTaskExe success.
[2016-09-07][18:44:27] [Trace] [@ command_task_req.go.30] task[52] dispatch-> worker[worker_2]
[2016-09-07][18:44:27] [Trace] [@ command_task_req.go.33] SendTaskExe success.
[2016-09-07][18:44:27] [Trace] [@ command_task_req.go.30] task[53] dispatch-> worker[worker_7]
[2016-09-07][18:44:27] [Trace] [@ command_task_req.go.33] SendTaskExe success.
[2016-09-07][18:44:27] [Trace] [@ command_task_req.go.30] task[54] dispatch-> worker[worker_3]
[2016-09-07][18:44:27] [Trace] [@ command_task_req.go.33] SendTaskExe success.
[2016-09-07][18:44:27] [Trace] [@ command_task_req.go.30] task[55] dispatch-> worker[worker_3]
[2016-09-07][18:44:27] [Trace] [@ command_task_req.go.33] SendTaskExe success.
[2016-09-07][18:44:27] [Trace] [@ command_task_req.go.30] task[56] dispatch-> worker[worker_2]
[2016-09-07][18:44:27] [Trace] [@ command_task_req.go.33] SendTaskExe success.
[2016-09-07][18:44:27] [Trace] [@ command_task_req.go.30] task[57] dispatch-> worker[worker_7]
[2016-09-07][18:44:27] [Trace] [@ command_task_req.go.33] SendTaskExe success.
[2016-09-07][18:44:27] [Trace] [@ command_task_req.go.30] task[58] dispatch-> worker[worker_3]
[2016-09-07][18:44:27] [Trace] [@ command_task_req.go.33] SendTaskExe success.
[2016-09-07][18:44:27] [Trace] [@ command_task_req.go.30] task[59] dispatch-> worker[worker_3]
[2016-09-07][18:44:27] [Trace] [@ command_task_req.go.33] SendTaskExe success.
[2016-09-07][18:44:27] [Trace] [@ command_task_req.go.30] task[60] dispatch-> worker[worker_2]
[2016-09-07][18:44:27] [Trace] [@ command_task_req.go.33] SendTaskExe success.
[2016-09-07][18:44:27] [Trace] [@ command_task_req.go.30] task[61] dispatch-> worker[worker_7]
[2016-09-07][18:44:27] [Trace] [@ command_task_req.go.33] SendTaskExe success.
[2016-09-07][18:44:27] [Trace] [@ command_task_req.go.30] task[62] dispatch-> worker[worker_2]
[2016-09-07][18:44:27] [Trace] [@ command_task_req.go.33] SendTaskExe success.
[2016-09-07][18:44:27] [Trace] [@ command_task_req.go.30] task[63] dispatch-> worker[worker_7]
[2016-09-07][18:44:27] [Trace] [@ command_task_req.go.33] SendTaskExe success.
[2016-09-07][18:44:27] [Trace] [@ command_task_req.go.30] task[64] dispatch-> worker[worker_2]
[2016-09-07][18:44:27] [Trace] [@ command_task_req.go.33] SendTaskExe success.
[2016-09-07][18:44:27] [Trace] [@ command_task_req.go.30] task[65] dispatch-> worker[worker_7]
[2016-09-07][18:44:27] [Trace] [@ command_task_req.go.33] SendTaskExe success.
[2016-09-07][18:44:27] [Trace] [@ command_task_req.go.30] task[66] dispatch-> worker[worker_2]
[2016-09-07][18:44:27] [Trace] [@ command_task_req.go.33] SendTaskExe success.
[2016-09-07][18:44:27] [Trace] [@ command_task_req.go.30] task[67] dispatch-> worker[worker_7]
[2016-09-07][18:44:27] [Trace] [@ command_task_req.go.33] SendTaskExe success.
[2016-09-07][18:44:27] [Trace] [@ command_task_req.go.30] task[68] dispatch-> worker[worker_2]
[2016-09-07][18:44:27] [Trace] [@ command_task_req.go.33] SendTaskExe success.
[2016-09-07][18:44:27] [Trace] [@ command_task_req.go.30] task[69] dispatch-> worker[worker_7]
[2016-09-07][18:44:27] [Trace] [@ command_task_req.go.33] SendTaskExe success.
[2016-09-07][18:44:27] [Trace] [@ command_task_req.go.30] task[70] dispatch-> worker[worker_2]
[2016-09-07][18:44:27] [Trace] [@ command_task_req.go.33] SendTaskExe success.
[2016-09-07][18:44:27] [Trace] [@ command_task_req.go.30] task[71] dispatch-> worker[worker_7]
[2016-09-07][18:44:27] [Trace] [@ command_task_req.go.33] SendTaskExe success.
[2016-09-07][18:44:27] [Trace] [@ command_task_req.go.30] task[72] dispatch-> worker[worker_2]
[2016-09-07][18:44:27] [Trace] [@ command_task_req.go.33] SendTaskExe success.
[2016-09-07][18:44:27] [Trace] [@ command_task_req.go.30] task[73] dispatch-> worker[worker_7]
[2016-09-07][18:44:27] [Trace] [@ command_task_req.go.33] SendTaskExe success.
[2016-09-07][18:44:27] [Trace] [@ command_task_req.go.30] task[74] dispatch-> worker[worker_2]
[2016-09-07][18:44:27] [Trace] [@ command_task_req.go.33] SendTaskExe success.
[2016-09-07][18:44:27] [Trace] [@ command_task_req.go.30] task[75] dispatch-> worker[worker_7]
[2016-09-07][18:44:27] [Trace] [@ command_task_req.go.33] SendTaskExe success.
[2016-09-07][18:44:27] [Trace] [@ command_task_req.go.30] task[76] dispatch-> worker[worker_2]
[2016-09-07][18:44:27] [Trace] [@ command_task_req.go.33] SendTaskExe success.
[2016-09-07][18:44:27] [Trace] [@ command_task_req.go.30] task[77] dispatch-> worker[worker_7]
[2016-09-07][18:44:27] [Trace] [@ command_task_req.go.33] SendTaskExe success.
[2016-09-07][18:44:27] [Trace] [@ command_task_req.go.30] task[78] dispatch-> worker[worker_2]
[2016-09-07][18:44:27] [Trace] [@ command_task_req.go.33] SendTaskExe success.
[2016-09-07][18:44:27] [Trace] [@ command_task_req.go.30] task[79] dispatch-> worker[worker_7]
[2016-09-07][18:44:27] [Trace] [@ command_task_req.go.33] SendTaskExe success.
[2016-09-07][18:44:27] [Trace] [@ command_task_req.go.30] task[80] dispatch-> worker[worker_7]
[2016-09-07][18:44:27] [Trace] [@ command_task_req.go.33] SendTaskExe success.
[2016-09-07][18:44:27] [Trace] [@ command_task_req.go.30] task[81] dispatch-> worker[worker_2]
[2016-09-07][18:44:27] [Trace] [@ command_task_req.go.33] SendTaskExe success.
[2016-09-07][18:44:27] [Trace] [@ command_task_req.go.30] task[82] dispatch-> worker[worker_7]
[2016-09-07][18:44:27] [Trace] [@ command_task_req.go.33] SendTaskExe success.
[2016-09-07][18:44:27] [Trace] [@ command_task_req.go.30] task[83] dispatch-> worker[worker_2]
[2016-09-07][18:44:27] [Trace] [@ command_task_req.go.33] SendTaskExe success.
[2016-09-07][18:44:27] [Trace] [@ command_task_req.go.30] task[84] dispatch-> worker[worker_7]
[2016-09-07][18:44:27] [Trace] [@ command_task_req.go.33] SendTaskExe success.
[2016-09-07][18:44:27] [Trace] [@ command_task_req.go.30] task[85] dispatch-> worker[worker_2]
[2016-09-07][18:44:27] [Trace] [@ command_task_req.go.33] SendTaskExe success.
[2016-09-07][18:44:27] [Trace] [@ command_task_req.go.30] task[86] dispatch-> worker[worker_7]
[2016-09-07][18:44:27] [Trace] [@ command_task_req.go.33] SendTaskExe success.
[2016-09-07][18:44:27] [Trace] [@ command_task_req.go.30] task[87] dispatch-> worker[worker_2]
[2016-09-07][18:44:27] [Trace] [@ command_task_req.go.33] SendTaskExe success.
[2016-09-07][18:44:27] [Trace] [@ command_task_req.go.30] task[88] dispatch-> worker[worker_7]
[2016-09-07][18:44:27] [Trace] [@ command_task_req.go.33] SendTaskExe success.
[2016-09-07][18:44:27] [Trace] [@ command_task_req.go.30] task[89] dispatch-> worker[worker_2]
[2016-09-07][18:44:27] [Trace] [@ command_task_req.go.33] SendTaskExe success.
[2016-09-07][18:44:27] [Trace] [@ command_task_req.go.30] task[90] dispatch-> worker[worker_7]
[2016-09-07][18:44:27] [Trace] [@ command_task_req.go.33] SendTaskExe success.
[2016-09-07][18:44:27] [Trace] [@ command_task_req.go.30] task[91] dispatch-> worker[worker_2]
[2016-09-07][18:44:27] [Trace] [@ command_task_req.go.33] SendTaskExe success.
[2016-09-07][18:44:27] [Trace] [@ command_task_req.go.30] task[92] dispatch-> worker[worker_7]
[2016-09-07][18:44:27] [Trace] [@ command_task_req.go.33] SendTaskExe success.
[2016-09-07][18:44:27] [Trace] [@ command_task_req.go.30] task[93] dispatch-> worker[worker_2]
[2016-09-07][18:44:27] [Trace] [@ command_task_req.go.33] SendTaskExe success.
[2016-09-07][18:44:27] [Trace] [@ command_task_req.go.30] task[94] dispatch-> worker[worker_7]
[2016-09-07][18:44:27] [Trace] [@ command_task_req.go.33] SendTaskExe success.
[2016-09-07][18:44:27] [Trace] [@ command_task_req.go.30] task[95] dispatch-> worker[worker_2]
[2016-09-07][18:44:27] [Trace] [@ command_task_req.go.33] SendTaskExe success.
[2016-09-07][18:44:27] [Trace] [@ command_task_req.go.30] task[96] dispatch-> worker[worker_7]
[2016-09-07][18:44:27] [Trace] [@ command_task_req.go.33] SendTaskExe success.
[2016-09-07][18:44:27] [Trace] [@ command_task_req.go.30] task[97] dispatch-> worker[worker_2]
[2016-09-07][18:44:27] [Trace] [@ command_task_req.go.33] SendTaskExe success.
[2016-09-07][18:44:27] [Trace] [@ command_task_req.go.30] task[98] dispatch-> worker[worker_7]
[2016-09-07][18:44:27] [Trace] [@ command_task_req.go.33] SendTaskExe success.
[2016-09-07][18:44:27] [Trace] [@ command_task_req.go.30] task[99] dispatch-> worker[worker_2]
[2016-09-07][18:44:27] [Trace] [@ command_task_req.go.33] SendTaskExe success.
[2016-09-07][18:44:27] [Info] [@ executor.go.83] Executor.AddFixWorker(test47)
[2016-09-07][18:44:27] [Trace] [@ command_task_req.go.73] task[test47] dispatch-> worker[test47]
[2016-09-07][18:44:27] [Trace] [@ command_task_req.go.76] SendTaskExe success.
[2016-09-07][18:44:27] [Info] [@ executor.go.83] Executor.AddFixWorker(test62)
[2016-09-07][18:44:27] [Trace] [@ command_task_req.go.73] task[test62] dispatch-> worker[test62]
[2016-09-07][18:44:27] [Trace] [@ command_task_req.go.76] SendTaskExe success.
[2016-09-07][18:44:27] [Info] [@ executor.go.83] Executor.AddFixWorker(test81)
[2016-09-07][18:44:27] [Trace] [@ command_task_req.go.73] task[test81] dispatch-> worker[test81]
[2016-09-07][18:44:27] [Trace] [@ command_task_req.go.76] SendTaskExe success.
[2016-09-07][18:44:27] [Info] [@ executor.go.83] Executor.AddFixWorker(test87)
[2016-09-07][18:44:27] [Trace] [@ command_task_req.go.73] task[test87] dispatch-> worker[test87]
[2016-09-07][18:44:27] [Trace] [@ command_task_req.go.76] SendTaskExe success.
[2016-09-07][18:44:27] [Trace] [@ command_task_req.go.73] task[test47] dispatch-> worker[test47]
[2016-09-07][18:44:27] [Trace] [@ command_task_req.go.76] SendTaskExe success.
[2016-09-07][18:44:27] [Info] [@ executor.go.83] Executor.AddFixWorker(test59)
[2016-09-07][18:44:27] [Trace] [@ command_task_req.go.73] task[test59] dispatch-> worker[test59]
[2016-09-07][18:44:27] [Trace] [@ command_task_req.go.76] SendTaskExe success.
[2016-09-07][18:44:27] [Trace] [@ command_task_req.go.73] task[test81] dispatch-> worker[test81]
[2016-09-07][18:44:27] [Trace] [@ command_task_req.go.76] SendTaskExe success.
[2016-09-07][18:44:27] [Info] [@ executor.go.83] Executor.AddFixWorker(test18)
[2016-09-07][18:44:27] [Trace] [@ command_task_req.go.73] task[test18] dispatch-> worker[test18]
[2016-09-07][18:44:27] [Trace] [@ command_task_req.go.76] SendTaskExe success.
[2016-09-07][18:44:27] [Info] [@ executor.go.83] Executor.AddFixWorker(test25)
[2016-09-07][18:44:27] [Trace] [@ command_task_req.go.73] task[test25] dispatch-> worker[test25]
[2016-09-07][18:44:27] [Trace] [@ command_task_req.go.76] SendTaskExe success.
[2016-09-07][18:44:27] [Info] [@ executor.go.83] Executor.AddFixWorker(test40)
[2016-09-07][18:44:27] [Trace] [@ command_task_req.go.73] task[test40] dispatch-> worker[test40]
[2016-09-07][18:44:27] [Trace] [@ command_task_req.go.76] SendTaskExe success.
[2016-09-07][18:44:27] [Info] [@ executor.go.83] Executor.AddFixWorker(test56)
[2016-09-07][18:44:27] [Trace] [@ command_task_req.go.73] task[test56] dispatch-> worker[test56]
[2016-09-07][18:44:27] [Trace] [@ command_task_req.go.76] SendTaskExe success.
[2016-09-07][18:44:27] [Info] [@ executor.go.83] Executor.AddFixWorker(test0)
[2016-09-07][18:44:27] [Trace] [@ command_task_req.go.73] task[test0] dispatch-> worker[test0]
[2016-09-07][18:44:27] [Trace] [@ command_task_req.go.76] SendTaskExe success.
[2016-09-07][18:44:27] [Info] [@ executor.go.83] Executor.AddFixWorker(test94)
[2016-09-07][18:44:27] [Trace] [@ command_task_req.go.73] task[test94] dispatch-> worker[test94]
[2016-09-07][18:44:27] [Trace] [@ command_task_req.go.76] SendTaskExe success.
[2016-09-07][18:44:27] [Info] [@ executor.go.83] Executor.AddFixWorker(test11)
[2016-09-07][18:44:27] [Trace] [@ command_task_req.go.73] task[test11] dispatch-> worker[test11]
[2016-09-07][18:44:27] [Trace] [@ command_task_req.go.76] SendTaskExe success.
[2016-09-07][18:44:27] [Info] [@ executor.go.83] Executor.AddFixWorker(test6)
[2016-09-07][18:44:27] [Trace] [@ command_task_req.go.73] task[test6] dispatch-> worker[test6]
[2016-09-07][18:44:27] [Trace] [@ command_task_req.go.76] SendTaskExe success.
[2016-09-07][18:44:27] [Info] [@ executor.go.83] Executor.AddFixWorker(test89)
[2016-09-07][18:44:27] [Trace] [@ command_task_req.go.73] task[test89] dispatch-> worker[test89]
[2016-09-07][18:44:27] [Trace] [@ command_task_req.go.76] SendTaskExe success.
[2016-09-07][18:44:27] [Info] [@ executor.go.83] Executor.AddFixWorker(test28)
[2016-09-07][18:44:27] [Trace] [@ command_task_req.go.73] task[test28] dispatch-> worker[test28]
[2016-09-07][18:44:27] [Trace] [@ command_task_req.go.76] SendTaskExe success.
[2016-09-07][18:44:27] [Info] [@ executor.go.83] Executor.AddFixWorker(test74)
[2016-09-07][18:44:27] [Trace] [@ command_task_req.go.73] task[test74] dispatch-> worker[test74]
[2016-09-07][18:44:27] [Trace] [@ command_task_req.go.76] SendTaskExe success.
[2016-09-07][18:44:27] [Trace] [@ command_task_req.go.73] task[test11] dispatch-> worker[test11]
[2016-09-07][18:44:27] [Trace] [@ command_task_req.go.76] SendTaskExe success.
[2016-09-07][18:44:27] [Info] [@ executor.go.83] Executor.AddFixWorker(test45)
[2016-09-07][18:44:27] [Trace] [@ command_task_req.go.73] task[test45] dispatch-> worker[test45]
[2016-09-07][18:44:27] [Trace] [@ command_task_req.go.76] SendTaskExe success.
[2016-09-07][18:44:27] [Info] [@ executor.go.83] Executor.AddFixWorker(test37)
[2016-09-07][18:44:27] [Trace] [@ command_task_req.go.73] task[test37] dispatch-> worker[test37]
[2016-09-07][18:44:27] [Trace] [@ command_task_req.go.76] SendTaskExe success.
[2016-09-07][18:44:27] [Trace] [@ command_task_req.go.73] task[test28] dispatch-> worker[test28]
[2016-09-07][18:44:27] [Trace] [@ command_task_req.go.76] SendTaskExe success.
[2016-09-07][18:44:27] [Info] [@ executor.go.83] Executor.AddFixWorker(test95)
[2016-09-07][18:44:27] [Trace] [@ command_task_req.go.73] task[test95] dispatch-> worker[test95]
[2016-09-07][18:44:27] [Trace] [@ command_task_req.go.76] SendTaskExe success.
[2016-09-07][18:44:27] [Info] [@ executor.go.83] Executor.AddFixWorker(test66)
[2016-09-07][18:44:27] [Trace] [@ command_task_req.go.73] task[test66] dispatch-> worker[test66]
[2016-09-07][18:44:27] [Trace] [@ command_task_req.go.76] SendTaskExe success.
[2016-09-07][18:44:27] [Info] [@ executor.go.83] Executor.AddFixWorker(test90)
[2016-09-07][18:44:27] [Trace] [@ command_task_req.go.73] task[test90] dispatch-> worker[test90]
[2016-09-07][18:44:27] [Trace] [@ command_task_req.go.76] SendTaskExe success.
[2016-09-07][18:44:27] [Trace] [@ command_task_req.go.73] task[test87] dispatch-> worker[test87]
[2016-09-07][18:44:27] [Trace] [@ command_task_req.go.76] SendTaskExe success.
[2016-09-07][18:44:27] [Info] [@ executor.go.83] Executor.AddFixWorker(test88)
[2016-09-07][18:44:27] [Trace] [@ command_task_req.go.73] task[test88] dispatch-> worker[test88]
[2016-09-07][18:44:27] [Trace] [@ command_task_req.go.76] SendTaskExe success.
[2016-09-07][18:44:27] [Trace] [@ command_task_req.go.73] task[test90] dispatch-> worker[test90]
[2016-09-07][18:44:27] [Trace] [@ command_task_req.go.76] SendTaskExe success.
[2016-09-07][18:44:27] [Info] [@ executor.go.83] Executor.AddFixWorker(test15)
[2016-09-07][18:44:27] [Trace] [@ command_task_req.go.73] task[test15] dispatch-> worker[test15]
[2016-09-07][18:44:27] [Trace] [@ command_task_req.go.76] SendTaskExe success.
[2016-09-07][18:44:27] [Info] [@ executor.go.83] Executor.AddFixWorker(test41)
[2016-09-07][18:44:27] [Trace] [@ command_task_req.go.73] task[test41] dispatch-> worker[test41]
[2016-09-07][18:44:27] [Trace] [@ command_task_req.go.76] SendTaskExe success.
[2016-09-07][18:44:27] [Info] [@ executor.go.83] Executor.AddFixWorker(test8)
[2016-09-07][18:44:27] [Trace] [@ command_task_req.go.73] task[test8] dispatch-> worker[test8]
[2016-09-07][18:44:27] [Trace] [@ command_task_req.go.76] SendTaskExe success.
[2016-09-07][18:44:27] [Trace] [@ command_task_req.go.73] task[test87] dispatch-> worker[test87]
[2016-09-07][18:44:27] [Trace] [@ command_task_req.go.76] SendTaskExe success.
[2016-09-07][18:44:27] [Info] [@ executor.go.83] Executor.AddFixWorker(test31)
[2016-09-07][18:44:27] [Trace] [@ command_task_req.go.73] task[test31] dispatch-> worker[test31]
[2016-09-07][18:44:27] [Trace] [@ command_task_req.go.76] SendTaskExe success.
[2016-09-07][18:44:27] [Info] [@ executor.go.83] Executor.AddFixWorker(test29)
[2016-09-07][18:44:27] [Trace] [@ command_task_req.go.73] task[test29] dispatch-> worker[test29]
[2016-09-07][18:44:27] [Trace] [@ command_task_req.go.76] SendTaskExe success.
[2016-09-07][18:44:27] [Trace] [@ command_task_req.go.73] task[test56] dispatch-> worker[test56]
[2016-09-07][18:44:27] [Trace] [@ command_task_req.go.76] SendTaskExe success.
[2016-09-07][18:44:27] [Trace] [@ command_task_req.go.73] task[test37] dispatch-> worker[test37]
[2016-09-07][18:44:27] [Trace] [@ command_task_req.go.76] SendTaskExe success.
[2016-09-07][18:44:27] [Trace] [@ command_task_req.go.73] task[test31] dispatch-> worker[test31]
[2016-09-07][18:44:27] [Trace] [@ command_task_req.go.76] SendTaskExe success.
[2016-09-07][18:44:27] [Info] [@ executor.go.83] Executor.AddFixWorker(test85)
[2016-09-07][18:44:27] [Trace] [@ command_task_req.go.73] task[test85] dispatch-> worker[test85]
[2016-09-07][18:44:27] [Trace] [@ command_task_req.go.76] SendTaskExe success.
[2016-09-07][18:44:27] [Info] [@ executor.go.83] Executor.AddFixWorker(test26)
[2016-09-07][18:44:27] [Trace] [@ command_task_req.go.73] task[test26] dispatch-> worker[test26]
[2016-09-07][18:44:27] [Trace] [@ command_task_req.go.76] SendTaskExe success.
[2016-09-07][18:44:27] [Info] [@ executor.go.83] Executor.AddFixWorker(test13)
[2016-09-07][18:44:27] [Trace] [@ command_task_req.go.73] task[test13] dispatch-> worker[test13]
[2016-09-07][18:44:27] [Trace] [@ command_task_req.go.76] SendTaskExe success.
[2016-09-07][18:44:27] [Info] [@ executor.go.83] Executor.AddFixWorker(test58)
[2016-09-07][18:44:27] [Trace] [@ command_task_req.go.73] task[test58] dispatch-> worker[test58]
[2016-09-07][18:44:27] [Trace] [@ command_task_req.go.76] SendTaskExe success.
[2016-09-07][18:44:27] [Trace] [@ command_task_req.go.73] task[test47] dispatch-> worker[test47]
[2016-09-07][18:44:27] [Trace] [@ command_task_req.go.76] SendTaskExe success.
[2016-09-07][18:44:27] [Info] [@ executor.go.83] Executor.AddFixWorker(test53)
[2016-09-07][18:44:27] [Trace] [@ command_task_req.go.73] task[test53] dispatch-> worker[test53]
[2016-09-07][18:44:27] [Trace] [@ command_task_req.go.76] SendTaskExe success.
[2016-09-07][18:44:27] [Trace] [@ command_task_req.go.73] task[test94] dispatch-> worker[test94]
[2016-09-07][18:44:27] [Trace] [@ command_task_req.go.76] SendTaskExe success.
[2016-09-07][18:44:27] [Info] [@ executor.go.83] Executor.AddFixWorker(test63)
[2016-09-07][18:44:27] [Trace] [@ command_task_req.go.73] task[test63] dispatch-> worker[test63]
[2016-09-07][18:44:27] [Trace] [@ command_task_req.go.76] SendTaskExe success.
[2016-09-07][18:44:27] [Info] [@ executor.go.83] Executor.AddFixWorker(test33)
[2016-09-07][18:44:27] [Trace] [@ command_task_req.go.73] task[test33] dispatch-> worker[test33]
[2016-09-07][18:44:27] [Trace] [@ command_task_req.go.76] SendTaskExe success.
[2016-09-07][18:44:27] [Trace] [@ command_task_req.go.73] task[test47] dispatch-> worker[test47]
[2016-09-07][18:44:27] [Trace] [@ command_task_req.go.76] SendTaskExe success.
[2016-09-07][18:44:27] [Info] [@ executor.go.83] Executor.AddFixWorker(test78)
[2016-09-07][18:44:27] [Trace] [@ command_task_req.go.73] task[test78] dispatch-> worker[test78]
[2016-09-07][18:44:27] [Trace] [@ command_task_req.go.76] SendTaskExe success.
[2016-09-07][18:44:27] [Info] [@ executor.go.83] Executor.AddFixWorker(test24)
[2016-09-07][18:44:27] [Trace] [@ command_task_req.go.73] task[test24] dispatch-> worker[test24]
[2016-09-07][18:44:27] [Trace] [@ command_task_req.go.76] SendTaskExe success.
[2016-09-07][18:44:27] [Trace] [@ command_task_req.go.73] task[test59] dispatch-> worker[test59]
[2016-09-07][18:44:27] [Trace] [@ command_task_req.go.76] SendTaskExe success.
[2016-09-07][18:44:27] [Info] [@ executor.go.83] Executor.AddFixWorker(test99)
[2016-09-07][18:44:27] [Trace] [@ command_task_req.go.73] task[test99] dispatch-> worker[test99]
[2016-09-07][18:44:27] [Trace] [@ command_task_req.go.76] SendTaskExe success.
[2016-09-07][18:44:27] [Info] [@ executor.go.83] Executor.AddFixWorker(test57)
[2016-09-07][18:44:27] [Trace] [@ command_task_req.go.73] task[test57] dispatch-> worker[test57]
[2016-09-07][18:44:27] [Trace] [@ command_task_req.go.76] SendTaskExe success.
[2016-09-07][18:44:27] [Info] [@ executor.go.83] Executor.AddFixWorker(test21)
[2016-09-07][18:44:27] [Trace] [@ command_task_req.go.73] task[test21] dispatch-> worker[test21]
[2016-09-07][18:44:27] [Trace] [@ command_task_req.go.76] SendTaskExe success.
[2016-09-07][18:44:27] [Trace] [@ command_task_req.go.73] task[test89] dispatch-> worker[test89]
[2016-09-07][18:44:27] [Trace] [@ command_task_req.go.76] SendTaskExe success.
[2016-09-07][18:44:27] [Info] [@ executor.go.83] Executor.AddFixWorker(test5)
[2016-09-07][18:44:27] [Trace] [@ command_task_req.go.73] task[test5] dispatch-> worker[test5]
[2016-09-07][18:44:27] [Trace] [@ command_task_req.go.76] SendTaskExe success.
[2016-09-07][18:44:27] [Trace] [@ command_task_req.go.73] task[test0] dispatch-> worker[test0]
[2016-09-07][18:44:27] [Trace] [@ command_task_req.go.76] SendTaskExe success.
[2016-09-07][18:44:27] [Trace] [@ command_task_req.go.73] task[test88] dispatch-> worker[test88]
[2016-09-07][18:44:27] [Trace] [@ command_task_req.go.76] SendTaskExe success.
[2016-09-07][18:44:27] [Info] [@ executor.go.83] Executor.AddFixWorker(test38)
[2016-09-07][18:44:27] [Trace] [@ command_task_req.go.73] task[test38] dispatch-> worker[test38]
[2016-09-07][18:44:27] [Trace] [@ command_task_req.go.76] SendTaskExe success.
[2016-09-07][18:44:27] [Info] [@ executor.go.83] Executor.AddFixWorker(test55)
[2016-09-07][18:44:27] [Trace] [@ command_task_req.go.73] task[test55] dispatch-> worker[test55]
[2016-09-07][18:44:27] [Trace] [@ command_task_req.go.76] SendTaskExe success.
[2016-09-07][18:44:27] [Info] [@ executor.go.83] Executor.AddFixWorker(test3)
[2016-09-07][18:44:27] [Trace] [@ command_task_req.go.73] task[test3] dispatch-> worker[test3]
[2016-09-07][18:44:27] [Trace] [@ command_task_req.go.76] SendTaskExe success.
[2016-09-07][18:44:27] [Info] [@ executor.go.83] Executor.AddFixWorker(test2)
[2016-09-07][18:44:27] [Trace] [@ command_task_req.go.73] task[test2] dispatch-> worker[test2]
[2016-09-07][18:44:27] [Trace] [@ command_task_req.go.76] SendTaskExe success.
[2016-09-07][18:44:27] [Trace] [@ command_task_req.go.73] task[test66] dispatch-> worker[test66]
[2016-09-07][18:44:27] [Trace] [@ command_task_req.go.76] SendTaskExe success.
[2016-09-07][18:44:27] [Trace] [@ command_task_req.go.73] task[test28] dispatch-> worker[test28]
[2016-09-07][18:44:27] [Trace] [@ command_task_req.go.76] SendTaskExe success.
[2016-09-07][18:44:27] [Info] [@ executor.go.83] Executor.AddFixWorker(test61)
[2016-09-07][18:44:27] [Trace] [@ command_task_req.go.73] task[test61] dispatch-> worker[test61]
[2016-09-07][18:44:27] [Trace] [@ command_task_req.go.76] SendTaskExe success.
[2016-09-07][18:44:27] [Trace] [@ command_task_req.go.73] task[test2] dispatch-> worker[test2]
[2016-09-07][18:44:27] [Trace] [@ command_task_req.go.76] SendTaskExe success.
[2016-09-07][18:44:27] [Info] [@ executor.go.83] Executor.AddFixWorker(test83)
[2016-09-07][18:44:27] [Trace] [@ command_task_req.go.73] task[test83] dispatch-> worker[test83]
[2016-09-07][18:44:27] [Trace] [@ command_task_req.go.76] SendTaskExe success.
[2016-09-07][18:44:27] [Info] [@ executor.go.83] Executor.AddFixWorker(test46)
[2016-09-07][18:44:27] [Trace] [@ command_task_req.go.73] task[test46] dispatch-> worker[test46]
[2016-09-07][18:44:27] [Trace] [@ command_task_req.go.76] SendTaskExe success.
[2016-09-07][18:44:27] [Trace] [@ command_task_req.go.73] task[test63] dispatch-> worker[test63]
[2016-09-07][18:44:27] [Trace] [@ command_task_req.go.76] SendTaskExe success.
[2016-09-07][18:44:27] [Info] [@ executor.go.83] Executor.AddFixWorker(test76)
[2016-09-07][18:44:27] [Trace] [@ command_task_req.go.73] task[test76] dispatch-> worker[test76]
[2016-09-07][18:44:27] [Trace] [@ command_task_req.go.76] SendTaskExe success.
[2016-09-07][18:44:27] [Info] [@ executor.go.83] Executor.AddFixWorker(test96)
[2016-09-07][18:44:27] [Trace] [@ command_task_req.go.73] task[test96] dispatch-> worker[test96]
[2016-09-07][18:44:27] [Trace] [@ command_task_req.go.76] SendTaskExe success.
[2016-09-07][18:44:27] [Trace] [@ command_task_req.go.73] task[test18] dispatch-> worker[test18]
[2016-09-07][18:44:27] [Trace] [@ command_task_req.go.76] SendTaskExe success.
[2016-09-07][18:44:27] [Trace] [@ command_task_req.go.73] task[test47] dispatch-> worker[test47]
[2016-09-07][18:44:27] [Trace] [@ command_task_req.go.76] SendTaskExe success.
[2016-09-07][18:44:27] [Trace] [@ command_task_req.go.73] task[test94] dispatch-> worker[test94]
[2016-09-07][18:44:27] [Trace] [@ command_task_req.go.76] SendTaskExe success.
[2016-09-07][18:44:27] [Info] [@ executor.go.83] Executor.AddFixWorker(test77)
[2016-09-07][18:44:27] [Trace] [@ command_task_req.go.73] task[test77] dispatch-> worker[test77]
[2016-09-07][18:44:27] [Trace] [@ command_task_req.go.76] SendTaskExe success.
[2016-09-07][18:44:27] [Trace] [@ command_task_req.go.73] task[test63] dispatch-> worker[test63]
[2016-09-07][18:44:27] [Trace] [@ command_task_req.go.76] SendTaskExe success.
[2016-09-07][18:44:27] [Trace] [@ command_task_req.go.73] task[test59] dispatch-> worker[test59]
[2016-09-07][18:44:27] [Trace] [@ command_task_req.go.76] SendTaskExe success.
[2016-09-07][18:44:27] [Info] [@ executor.go.83] Executor.AddFixWorker(test20)
[2016-09-07][18:44:27] [Trace] [@ command_task_req.go.73] task[test20] dispatch-> worker[test20]
[2016-09-07][18:44:27] [Trace] [@ command_task_req.go.76] SendTaskExe success.
[2016-09-07][18:44:27] [Info] [@ executor.go.83] Executor.AddFixWorker(test23)
[2016-09-07][18:44:27] [Trace] [@ command_task_req.go.73] task[test23] dispatch-> worker[test23]
[2016-09-07][18:44:27] [Trace] [@ command_task_req.go.76] SendTaskExe success.
[2016-09-07][18:44:27] [Trace] [@ command_task_req.go.73] task[test53] dispatch-> worker[test53]
[2016-09-07][18:44:27] [Trace] [@ command_task_req.go.76] SendTaskExe success.
[2016-09-07][18:44:27] [Trace] [@ command_task_req.go.73] task[test37] dispatch-> worker[test37]
[2016-09-07][18:44:27] [Trace] [@ command_task_req.go.76] SendTaskExe success.
[2016-09-07][18:44:27] [Trace] [@ command_task_req.go.73] task[test33] dispatch-> worker[test33]
[2016-09-07][18:44:27] [Trace] [@ command_task_req.go.76] SendTaskExe success.
[2016-09-07][18:44:27] [Trace] [@ command_task_req.go.73] task[test41] dispatch-> worker[test41]
[2016-09-07][18:44:27] [Trace] [@ command_task_req.go.76] SendTaskExe success.
[2016-09-07][18:44:27] [Trace] [@ command_task_req.go.73] task[test46] dispatch-> worker[test46]
[2016-09-07][18:44:27] [Trace] [@ command_task_req.go.76] SendTaskExe success.
[2016-09-07][18:44:27] [Trace] [@ command_task_req.go.73] task[test33] dispatch-> worker[test33]
[2016-09-07][18:44:27] [Trace] [@ command_task_req.go.76] SendTaskExe success.
[2016-09-07][18:44:27] [Info] [@ executor.go.83] Executor.AddFixWorker(test43)
[2016-09-07][18:44:27] [Trace] [@ command_task_req.go.73] task[test43] dispatch-> worker[test43]
[2016-09-07][18:44:27] [Trace] [@ command_task_req.go.76] SendTaskExe success.
[2016-09-07][18:44:27] [Info] [@ executor.go.83] Executor.AddFixWorker(test91)
[2016-09-07][18:44:27] [Trace] [@ command_task_req.go.73] task[test91] dispatch-> worker[test91]
[2016-09-07][18:44:27] [Trace] [@ command_task_req.go.76] SendTaskExe success.
[2016-09-07][18:44:27] [Trace] [@ command_task_req.go.73] task[test2] dispatch-> worker[test2]
[2016-09-07][18:44:27] [Trace] [@ command_task_req.go.76] SendTaskExe success.
[2016-09-07][18:44:27] [Trace] [@ command_task_req.go.73] task[test78] dispatch-> worker[test78]
[2016-09-07][18:44:27] [Trace] [@ command_task_req.go.76] SendTaskExe success.
[2016-09-07][18:44:27] [Info] [@ executor.go.83] Executor.AddFixWorker(test36)
[2016-09-07][18:44:27] [Trace] [@ command_task_req.go.73] task[test36] dispatch-> worker[test36]
[2016-09-07][18:44:27] [Trace] [@ command_task_req.go.76] SendTaskExe success.
[2016-09-07][18:44:27] [Trace] [@ command_task_req.go.73] task[test5] dispatch-> worker[test5]
[2016-09-07][18:44:27] [Trace] [@ command_task_req.go.76] SendTaskExe success.
[2016-09-07][18:44:27] [Info] [@ executor.go.83] Executor.AddFixWorker(test51)
[2016-09-07][18:44:27] [Trace] [@ command_task_req.go.73] task[test51] dispatch-> worker[test51]
[2016-09-07][18:44:27] [Trace] [@ command_task_req.go.76] SendTaskExe success.
[2016-09-07][18:44:27] [Info] [@ executor.go.83] Executor.AddFixWorker(test98)
[2016-09-07][18:44:27] [Trace] [@ command_task_req.go.73] task[test98] dispatch-> worker[test98]
[2016-09-07][18:44:27] [Trace] [@ command_task_req.go.76] SendTaskExe success.
[2016-09-07][18:44:27] [Trace] [@ command_task_req.go.73] task[test25] dispatch-> worker[test25]
[2016-09-07][18:44:27] [Trace] [@ command_task_req.go.76] SendTaskExe success.
[2016-09-07][18:44:27] [Info] [@ executor.go.83] Executor.AddFixWorker(test7)
[2016-09-07][18:44:27] [Trace] [@ command_task_req.go.73] task[test7] dispatch-> worker[test7]
[2016-09-07][18:44:27] [Trace] [@ command_task_req.go.76] SendTaskExe success.
[2016-09-07][18:44:27] [Trace] [@ command_task_req.go.73] task[test3] dispatch-> worker[test3]
[2016-09-07][18:44:27] [Trace] [@ command_task_req.go.76] SendTaskExe success.
[2016-09-07][18:44:27] [Trace] [@ command_task_req.go.73] task[test40] dispatch-> worker[test40]
[2016-09-07][18:44:27] [Trace] [@ command_task_req.go.76] SendTaskExe success.
[2016-09-07][18:44:27] [Trace] [@ command_task_req.go.73] task[test57] dispatch-> worker[test57]
[2016-09-07][18:44:27] [Trace] [@ command_task_req.go.76] SendTaskExe success.
[2016-09-07][18:44:27] [Trace] [@ command_task_req.go.73] task[test15] dispatch-> worker[test15]
[2016-09-07][18:44:27] [Trace] [@ command_task_req.go.76] SendTaskExe success.
[2016-09-07][18:44:27] [Info] [@ executor.go.83] Executor.AddFixWorker(test52)
[2016-09-07][18:44:27] [Trace] [@ command_task_req.go.73] task[test52] dispatch-> worker[test52]
[2016-09-07][18:44:27] [Trace] [@ command_task_req.go.76] SendTaskExe success.
[2016-09-07][18:44:27] [Trace] [@ command_task_req.go.73] task[test43] dispatch-> worker[test43]
[2016-09-07][18:44:27] [Trace] [@ command_task_req.go.76] SendTaskExe success.
[2017-02-06][12:06:40] [Info] [@ modulemgr.go.66] module [     taskexample] registe;interval=1s,priority=0
[2017-02-06][12:06:40] [Info] [@ modulemgr.go.66] module [    timerexample] registe;interval=1s,priority=0
[2017-02-06][12:06:40] [Info] [@ loader.go.87] package [            core] load success
[2017-02-06][12:06:40] [Info] [@ modulemgr.go.128] Startup PreloadModules
[2017-02-06][12:06:40] [Info] [@ modulemgr.go.134] Startup PreloadModules [ok]
