[2018-05-28][19:20:54] [Info] [@ modulemgr.go.76] module [      net-module] registe;interval=0s,priority=2147483647
[2018-05-28][19:20:54] [Info] [@ modulemgr.go.76] module [      dtc-module] registe;interval=1h0m0s,priority=1
[2018-05-28][19:20:54] [Info] [@ loader.go.66] package [          module] load success
[2018-05-28][19:20:54] [Info] [@ config.go.77] =================
[2018-05-28][19:20:54] [Info] [@ config.go.77] game server
[2018-05-28][19:20:54] [Info] [@ config.go.77] =================
[2018-05-28][19:20:54] [Info] [@ loader.go.66] package [          netlib] load success
[2018-05-28][19:20:54] [Trace] [@ timer.go.32] Timer Start
[2018-05-28][19:20:54] [Trace] [@ timer.go.42] Timer Start [ok]
[2018-05-28][19:20:54] [Info] [@ loader.go.66] package [           timer] load success
[2018-05-28][19:20:54] [Error] [@ loader.go.73] Package tx init data not exist.
[2018-05-28][19:20:54] [Info] [@ loader.go.66] package [         cmdline] load success
[2018-05-28][19:20:54] [Error] [@ loader.go.73] Package signal init data not exist.
[2018-05-28][19:20:54] [Info] [@ loader.go.66] package [            core] load success
[2018-05-28][19:20:54] [Error] [@ loader.go.73] Package profile init data not exist.
[2018-05-28][19:20:54] [Info] [@ modulemgr.go.138] Startup PreloadModules
[2018-05-28][19:20:54] [Info] [@ modulemgr.go.144] Startup PreloadModules [ok]
[2018-05-28][19:20:54] [Info] [@ modulemgr.go.166] Start Initialize Modules
[2018-05-28][19:20:54] [Info] [@ modulemgr.go.170] module [      dtc-module] init...
[2018-05-28][19:20:54] [Info] [@ modulemgr.go.172] module [      dtc-module] init[ok]
[2018-05-28][19:20:54] [Info] [@ modulemgr.go.170] module [      net-module] init...
[2018-05-28][19:20:54] [Info] [@ tcp_acceptor.go.61] GameService listen at 127.0.0.1:7001
[2018-05-28][19:20:54] [Info] [@ modulemgr.go.172] module [      net-module] init[ok]
[2018-05-28][19:20:54] [Info] [@ modulemgr.go.176] Start Initialize Modules [ok]
[2018-05-28][19:20:55] [Trace] [@ serverserviceregiste.go.29] SessionHandlerServiceRegiste:OnSessionOpened ReportService->ManagerService
[2018-05-28][19:20:55] [Trace] [@ tcp_session.go.156] s.sc.decoder.Decode(packetid:0) err:read tcp 127.0.0.1:19095->127.0.0.1:5555: wsarecv: An existing connection was forcibly closed by the remote host. 
[2018-05-28][19:20:55] [Trace] [@ tcp_session.go.119] 1 ->close: TcpSession.recvRoutine err: read tcp 127.0.0.1:19095->127.0.0.1:5555: wsarecv: An existing connection was forcibly closed by the remote host.
[2018-05-28][19:20:55] [Trace] [@ tcp_session.go.182] 1 shutRead
[2018-05-28][19:20:55] [Trace] [@ tcp_session.go.62] 1 ->close: TcpSession.sendRoutine err: [comm expt]normal close send
[2018-05-28][19:20:55] [Trace] [@ tcp_session.go.193] 1 shutWrite
[2018-05-29][16:40:12] [Info] [@ modulemgr.go.76] module [      net-module] registe;interval=0s,priority=2147483647
[2018-05-29][16:40:12] [Info] [@ modulemgr.go.76] module [      dtc-module] registe;interval=1h0m0s,priority=1
[2018-05-29][16:40:12] [Info] [@ loader.go.66] package [          module] load success
[2018-05-29][16:40:12] [Info] [@ config.go.77] =================
[2018-05-29][16:40:12] [Info] [@ config.go.77] game server
[2018-05-29][16:40:12] [Info] [@ config.go.77] =================
[2018-05-29][16:40:12] [Info] [@ loader.go.66] package [          netlib] load success
[2018-05-29][16:40:12] [Trace] [@ timer.go.32] Timer Start
[2018-05-29][16:40:12] [Trace] [@ timer.go.42] Timer Start [ok]
[2018-05-29][16:40:12] [Info] [@ loader.go.66] package [           timer] load success
[2018-05-29][16:40:12] [Error] [@ loader.go.73] Package tx init data not exist.
[2018-05-29][16:40:12] [Info] [@ loader.go.66] package [         cmdline] load success
[2018-05-29][16:40:12] [Error] [@ loader.go.73] Package signal init data not exist.
[2018-05-29][16:40:12] [Info] [@ loader.go.66] package [            core] load success
[2018-05-29][16:40:12] [Error] [@ loader.go.73] Package profile init data not exist.
[2018-05-29][16:40:12] [Info] [@ modulemgr.go.138] Startup PreloadModules
[2018-05-29][16:40:12] [Info] [@ modulemgr.go.144] Startup PreloadModules [ok]
[2018-05-29][16:40:12] [Info] [@ modulemgr.go.166] Start Initialize Modules
[2018-05-29][16:40:12] [Info] [@ modulemgr.go.170] module [      dtc-module] init...
[2018-05-29][16:40:12] [Info] [@ modulemgr.go.172] module [      dtc-module] init[ok]
[2018-05-29][16:40:12] [Info] [@ modulemgr.go.170] module [      net-module] init...
[2018-05-29][16:40:12] [Info] [@ tcp_acceptor.go.61] GameService listen at 127.0.0.1:7001
[2018-05-29][16:40:12] [Info] [@ modulemgr.go.172] module [      net-module] init[ok]
[2018-05-29][16:40:12] [Info] [@ modulemgr.go.176] Start Initialize Modules [ok]
[2018-05-29][16:40:18] [Trace] [@ serverserviceregiste.go.29] SessionHandlerServiceRegiste:OnSessionOpened ReportService->ManagerService
[2018-05-29][16:40:18] [Trace] [@ tcp_session.go.157] s.sc.decoder.Decode(packetid:-2000) err:proto: illegal tag 0 
[2018-05-29][16:40:18] [Trace] [@ tcp_session.go.119] 1 ->close: TcpSession.recvRoutine err: proto: illegal tag 0
[2018-05-29][16:40:18] [Trace] [@ tcp_session.go.183] 1 shutRead
[2018-05-29][16:40:18] [Trace] [@ tcp_session.go.99] s.sc.encoder.Encode errwrite tcp 127.0.0.1:9037->127.0.0.1:5555: wsasend: An existing connection was forcibly closed by the remote host.
[2018-05-29][16:40:18] [Trace] [@ tcp_session.go.62] 1 ->close: TcpSession.sendRoutine err: [comm expt]normal close send
[2018-05-29][16:40:18] [Trace] [@ tcp_session.go.194] 1 shutWrite
[2018-05-29][16:49:08] [Info] [@ modulemgr.go.76] module [      net-module] registe;interval=0s,priority=2147483647
[2018-05-29][16:49:08] [Info] [@ modulemgr.go.76] module [      dtc-module] registe;interval=1h0m0s,priority=1
[2018-05-29][16:49:08] [Error] [@ loader.go.73] Package profile init data not exist.
[2018-05-29][16:49:08] [Info] [@ loader.go.66] package [          module] load success
[2018-05-29][16:49:08] [Info] [@ config.go.77] =================
[2018-05-29][16:49:08] [Info] [@ config.go.77] game server
[2018-05-29][16:49:08] [Info] [@ config.go.77] =================
[2018-05-29][16:49:08] [Info] [@ loader.go.66] package [          netlib] load success
[2018-05-29][16:49:08] [Trace] [@ timer.go.32] Timer Start
[2018-05-29][16:49:08] [Trace] [@ timer.go.42] Timer Start [ok]
[2018-05-29][16:49:08] [Info] [@ loader.go.66] package [           timer] load success
[2018-05-29][16:49:08] [Error] [@ loader.go.73] Package tx init data not exist.
[2018-05-29][16:49:08] [Info] [@ loader.go.66] package [         cmdline] load success
[2018-05-29][16:49:08] [Error] [@ loader.go.73] Package signal init data not exist.
[2018-05-29][16:49:08] [Info] [@ loader.go.66] package [            core] load success
[2018-05-29][16:49:08] [Info] [@ modulemgr.go.138] Startup PreloadModules
[2018-05-29][16:49:08] [Info] [@ modulemgr.go.144] Startup PreloadModules [ok]
[2018-05-29][16:49:08] [Info] [@ modulemgr.go.166] Start Initialize Modules
[2018-05-29][16:49:08] [Info] [@ modulemgr.go.170] module [      dtc-module] init...
[2018-05-29][16:49:08] [Info] [@ modulemgr.go.172] module [      dtc-module] init[ok]
[2018-05-29][16:49:08] [Info] [@ modulemgr.go.170] module [      net-module] init...
[2018-05-29][16:49:08] [Info] [@ tcp_acceptor.go.61] GameService listen at 127.0.0.1:7001
[2018-05-29][16:49:08] [Info] [@ modulemgr.go.172] module [      net-module] init[ok]
[2018-05-29][16:49:08] [Info] [@ modulemgr.go.176] Start Initialize Modules [ok]
[2018-05-29][16:49:09] [Trace] [@ serverserviceregiste.go.29] SessionHandlerServiceRegiste:OnSessionOpened ReportService->ManagerService
[2018-05-29][16:49:09] [Trace] [@ tcp_session.go.157] s.sc.decoder.Decode(packetid:-2000) err:proto: illegal tag 0 
[2018-05-29][16:49:09] [Trace] [@ tcp_session.go.119] 1 ->close: TcpSession.recvRoutine err: proto: illegal tag 0
[2018-05-29][16:49:09] [Trace] [@ tcp_session.go.183] 1 shutRead
[2018-05-29][16:49:09] [Trace] [@ tcp_session.go.62] 1 ->close: TcpSession.sendRoutine err: [comm expt]normal close send
[2018-05-29][16:49:09] [Trace] [@ tcp_session.go.194] 1 shutWrite
[2018-05-29][16:52:19] [Info] [@ modulemgr.go.76] module [      net-module] registe;interval=0s,priority=2147483647
[2018-05-29][16:52:19] [Info] [@ modulemgr.go.76] module [      dtc-module] registe;interval=1h0m0s,priority=1
[2018-05-29][16:52:19] [Info] [@ config.go.77] =================
[2018-05-29][16:52:19] [Info] [@ config.go.77] game server
[2018-05-29][16:52:19] [Info] [@ config.go.77] =================
[2018-05-29][16:52:19] [Info] [@ loader.go.66] package [          netlib] load success
[2018-05-29][16:52:19] [Trace] [@ timer.go.32] Timer Start
[2018-05-29][16:52:19] [Trace] [@ timer.go.42] Timer Start [ok]
[2018-05-29][16:52:19] [Info] [@ loader.go.66] package [           timer] load success
[2018-05-29][16:52:19] [Error] [@ loader.go.73] Package tx init data not exist.
[2018-05-29][16:52:19] [Info] [@ loader.go.66] package [         cmdline] load success
[2018-05-29][16:52:19] [Error] [@ loader.go.73] Package signal init data not exist.
[2018-05-29][16:52:19] [Info] [@ loader.go.66] package [            core] load success
[2018-05-29][16:52:19] [Error] [@ loader.go.73] Package profile init data not exist.
[2018-05-29][16:52:19] [Info] [@ loader.go.66] package [          module] load success
[2018-05-29][16:52:19] [Info] [@ modulemgr.go.138] Startup PreloadModules
[2018-05-29][16:52:19] [Info] [@ modulemgr.go.144] Startup PreloadModules [ok]
[2018-05-29][16:52:19] [Info] [@ modulemgr.go.166] Start Initialize Modules
[2018-05-29][16:52:19] [Info] [@ modulemgr.go.170] module [      dtc-module] init...
[2018-05-29][16:52:19] [Info] [@ modulemgr.go.172] module [      dtc-module] init[ok]
[2018-05-29][16:52:19] [Info] [@ modulemgr.go.170] module [      net-module] init...
[2018-05-29][16:52:19] [Info] [@ tcp_acceptor.go.61] GameService listen at 127.0.0.1:7001
[2018-05-29][16:52:19] [Info] [@ modulemgr.go.172] module [      net-module] init[ok]
[2018-05-29][16:52:19] [Info] [@ modulemgr.go.176] Start Initialize Modules [ok]
[2018-05-29][16:52:20] [Trace] [@ serverserviceregiste.go.29] SessionHandlerServiceRegiste:OnSessionOpened ReportService->ManagerService
[2018-05-29][16:52:20] [Trace] [@ tcp_session.go.157] s.sc.decoder.Decode(packetid:0) err:read tcp 127.0.0.1:9284->127.0.0.1:5555: wsarecv: An existing connection was forcibly closed by the remote host. 
[2018-05-29][16:52:20] [Trace] [@ tcp_session.go.119] 1 ->close: TcpSession.recvRoutine err: read tcp 127.0.0.1:9284->127.0.0.1:5555: wsarecv: An existing connection was forcibly closed by the remote host.
[2018-05-29][16:52:20] [Trace] [@ tcp_session.go.183] 1 shutRead
[2018-05-29][16:52:20] [Trace] [@ tcp_session.go.62] 1 ->close: TcpSession.sendRoutine err: [comm expt]normal close send
[2018-05-29][16:52:20] [Trace] [@ tcp_session.go.194] 1 shutWrite
[2018-05-29][16:59:49] [Info] [@ modulemgr.go.76] module [      net-module] registe;interval=0s,priority=2147483647
[2018-05-29][16:59:49] [Info] [@ modulemgr.go.76] module [      dtc-module] registe;interval=1h0m0s,priority=1
[2018-05-29][16:59:49] [Error] [@ loader.go.73] Package tx init data not exist.
[2018-05-29][16:59:49] [Info] [@ loader.go.66] package [         cmdline] load success
[2018-05-29][16:59:49] [Error] [@ loader.go.73] Package signal init data not exist.
[2018-05-29][16:59:49] [Info] [@ loader.go.66] package [            core] load success
[2018-05-29][16:59:49] [Error] [@ loader.go.73] Package profile init data not exist.
[2018-05-29][16:59:49] [Info] [@ loader.go.66] package [          module] load success
[2018-05-29][16:59:49] [Info] [@ config.go.77] =================
[2018-05-29][16:59:49] [Info] [@ config.go.77] game server
[2018-05-29][16:59:49] [Info] [@ config.go.77] =================
[2018-05-29][16:59:49] [Info] [@ loader.go.66] package [          netlib] load success
[2018-05-29][16:59:49] [Trace] [@ timer.go.32] Timer Start
[2018-05-29][16:59:49] [Trace] [@ timer.go.42] Timer Start [ok]
[2018-05-29][16:59:49] [Info] [@ loader.go.66] package [           timer] load success
[2018-05-29][16:59:49] [Info] [@ modulemgr.go.138] Startup PreloadModules
[2018-05-29][16:59:49] [Info] [@ modulemgr.go.144] Startup PreloadModules [ok]
[2018-05-29][16:59:49] [Info] [@ modulemgr.go.166] Start Initialize Modules
[2018-05-29][16:59:49] [Info] [@ modulemgr.go.170] module [      dtc-module] init...
[2018-05-29][16:59:49] [Info] [@ modulemgr.go.172] module [      dtc-module] init[ok]
[2018-05-29][16:59:49] [Info] [@ modulemgr.go.170] module [      net-module] init...
[2018-05-29][16:59:49] [Info] [@ tcp_acceptor.go.61] GameService listen at 127.0.0.1:7001
[2018-05-29][16:59:49] [Info] [@ modulemgr.go.172] module [      net-module] init[ok]
[2018-05-29][16:59:49] [Info] [@ modulemgr.go.176] Start Initialize Modules [ok]
[2018-05-29][16:59:55] [Trace] [@ serverserviceregiste.go.29] SessionHandlerServiceRegiste:OnSessionOpened ReportService->ManagerService
[2018-05-29][16:59:55] [Trace] [@ tcp_session.go.157] s.sc.decoder.Decode(packetid:-2000) err:proto: illegal tag 0 
[2018-05-29][16:59:55] [Trace] [@ tcp_session.go.119] 1 ->close: TcpSession.recvRoutine err: proto: illegal tag 0
[2018-05-29][16:59:55] [Trace] [@ tcp_session.go.183] 1 shutRead
[2018-05-29][16:59:55] [Trace] [@ tcp_session.go.62] 1 ->close: TcpSession.sendRoutine err: [comm expt]normal close send
[2018-05-29][16:59:55] [Trace] [@ tcp_session.go.194] 1 shutWrite
